TpTrace Verbose: 0 : 10504, 1, 2023/02/09, 18:46:18.127, 8618601619, vstest.console.dll, Version: 17.4.0-release-20221019-01 Current process architecture: X64
TpTrace Verbose: 0 : 10504, 1, 2023/02/09, 18:46:18.130, 8618625075, vstest.console.dll, Runtime location: C:\Program Files\dotnet\shared\Microsoft.NETCore.App\7.0.2
TpTrace Verbose: 0 : 10504, 1, 2023/02/09, 18:46:18.136, 8618691825, vstest.console.dll, ArtifactProcessingPostProcessModeProcessorExecutor.Initialize: ArtifactProcessingMode.Collect
TpTrace Verbose: 0 : 10504, 1, 2023/02/09, 18:46:18.137, 8618693981, vstest.console.dll, TestSessionCorrelationIdProcessorModeProcessorExecutor.Initialize: TestSessionCorrelationId '3212_034a2456-4afe-4005-9870-34da5db62f0c'
TpTrace Information: 0 : 10504, 1, 2023/02/09, 18:46:18.152, 8618849456, vstest.console.dll, FilePatternParser: The given file C:\Users\vinodh\Downloads\ECommerce-20230123T103436Z-001\ECommerce\ECommerce\NUnit Testing\bin\Debug\net7.0\fine-code-coverage\build-output\NUnit Testing.dll is a full path.
TpTrace Verbose: 0 : 10504, 1, 2023/02/09, 18:46:18.163, 8618955879, vstest.console.dll, TestPluginCache.DiscoverTestExtensions: finding test extensions in assemblies ends with: RuntimeProvider.dll TPluginInfo: Microsoft.VisualStudio.TestPlatform.Common.ExtensionFramework.Utilities.TestRuntimePluginInformation TExtension: Microsoft.VisualStudio.TestPlatform.ObjectModel.Host.ITestRuntimeProvider
TpTrace Verbose: 0 : 10504, 1, 2023/02/09, 18:46:18.163, 8618958665, vstest.console.dll, TestPluginCache.GetExtensionPaths: Filtered extension paths: 
TpTrace Verbose: 0 : 10504, 1, 2023/02/09, 18:46:18.163, 8618959789, vstest.console.dll, TestPluginCache.GetExtensionPaths: Added default extension paths: C:\Program Files\dotnet\sdk\7.0.102\Extensions\Microsoft.Diagnostics.NETCore.Client.dll
C:\Program Files\dotnet\sdk\7.0.102\Extensions\Microsoft.TestPlatform.Extensions.BlameDataCollector.dll
C:\Program Files\dotnet\sdk\7.0.102\Extensions\Microsoft.TestPlatform.Extensions.EventLogCollector.dll
C:\Program Files\dotnet\sdk\7.0.102\Extensions\Microsoft.TestPlatform.TestHostRuntimeProvider.dll
C:\Program Files\dotnet\sdk\7.0.102\Extensions\Microsoft.VisualStudio.TestPlatform.Extensions.Html.TestLogger.dll
C:\Program Files\dotnet\sdk\7.0.102\Extensions\Microsoft.VisualStudio.TestPlatform.Extensions.Trx.TestLogger.dll
TpTrace Verbose: 0 : 10504, 1, 2023/02/09, 18:46:18.163, 8618960170, vstest.console.dll, TestPluginCache.GetExtensionPaths: Added unfilterableExtensionPaths: 
TpTrace Information: 0 : 10504, 1, 2023/02/09, 18:46:18.164, 8618969822, vstest.console.dll, AssemblyResolver.ctor: Creating AssemblyResolver with searchDirectories C:\Program Files\dotnet\sdk\7.0.102\Extensions,C:\Program Files\dotnet\sdk\7.0.102
TpTrace Verbose: 0 : 10504, 1, 2023/02/09, 18:46:18.166, 8618985301, vstest.console.dll, TestPluginCache.DiscoverTestExtensions: Discovering the extensions using extension path.
TpTrace Verbose: 0 : 10504, 1, 2023/02/09, 18:46:18.166, 8618987164, vstest.console.dll, TestPluginCache.GetExtensionPaths: Filtered extension paths: 
TpTrace Verbose: 0 : 10504, 1, 2023/02/09, 18:46:18.166, 8618987740, vstest.console.dll, TestPluginCache.GetExtensionPaths: Added default extension paths: C:\Program Files\dotnet\sdk\7.0.102\Extensions\Microsoft.Diagnostics.NETCore.Client.dll
C:\Program Files\dotnet\sdk\7.0.102\Extensions\Microsoft.TestPlatform.Extensions.BlameDataCollector.dll
C:\Program Files\dotnet\sdk\7.0.102\Extensions\Microsoft.TestPlatform.Extensions.EventLogCollector.dll
C:\Program Files\dotnet\sdk\7.0.102\Extensions\Microsoft.TestPlatform.TestHostRuntimeProvider.dll
C:\Program Files\dotnet\sdk\7.0.102\Extensions\Microsoft.VisualStudio.TestPlatform.Extensions.Html.TestLogger.dll
C:\Program Files\dotnet\sdk\7.0.102\Extensions\Microsoft.VisualStudio.TestPlatform.Extensions.Trx.TestLogger.dll
TpTrace Verbose: 0 : 10504, 1, 2023/02/09, 18:46:18.166, 8618988037, vstest.console.dll, TestPluginCache.GetExtensionPaths: Added unfilterableExtensionPaths: 
TpTrace Verbose: 0 : 10504, 1, 2023/02/09, 18:46:18.166, 8618989220, vstest.console.dll, TestPluginCache.DiscoverTestExtensions: Discovering the extensions using allExtensionPaths: C:\Program Files\dotnet\sdk\7.0.102\Extensions\Microsoft.Diagnostics.NETCore.Client.dll
C:\Program Files\dotnet\sdk\7.0.102\Extensions\Microsoft.TestPlatform.Extensions.BlameDataCollector.dll
C:\Program Files\dotnet\sdk\7.0.102\Extensions\Microsoft.TestPlatform.Extensions.EventLogCollector.dll
C:\Program Files\dotnet\sdk\7.0.102\Extensions\Microsoft.TestPlatform.TestHostRuntimeProvider.dll
C:\Program Files\dotnet\sdk\7.0.102\Extensions\Microsoft.VisualStudio.TestPlatform.Extensions.Html.TestLogger.dll
C:\Program Files\dotnet\sdk\7.0.102\Extensions\Microsoft.VisualStudio.TestPlatform.Extensions.Trx.TestLogger.dll
TpTrace Information: 0 : 10504, 1, 2023/02/09, 18:46:18.166, 8618991098, vstest.console.dll, AssemblyResolver.AddSearchDirectories: Adding more searchDirectories C:\Program Files\dotnet\sdk\7.0.102\Extensions,C:\Program Files\dotnet\sdk\7.0.102
TpTrace Information: 0 : 10504, 1, 2023/02/09, 18:46:18.166, 8618991877, vstest.console.dll, AssemblyResolver.AddSearchDirectories: Adding more searchDirectories C:\Program Files\dotnet\sdk\7.0.102\Extensions,C:\Program Files\dotnet\sdk\7.0.102
TpTrace Information: 0 : 10504, 1, 2023/02/09, 18:46:18.166, 8618992202, vstest.console.dll, AssemblyResolver.AddSearchDirectories: Adding more searchDirectories C:\Program Files\dotnet\sdk\7.0.102\Extensions,C:\Program Files\dotnet\sdk\7.0.102
TpTrace Information: 0 : 10504, 1, 2023/02/09, 18:46:18.167, 8618992431, vstest.console.dll, AssemblyResolver.AddSearchDirectories: Adding more searchDirectories C:\Program Files\dotnet\sdk\7.0.102\Extensions,C:\Program Files\dotnet\sdk\7.0.102
TpTrace Information: 0 : 10504, 1, 2023/02/09, 18:46:18.167, 8618992693, vstest.console.dll, AssemblyResolver.AddSearchDirectories: Adding more searchDirectories C:\Program Files\dotnet\sdk\7.0.102\Extensions,C:\Program Files\dotnet\sdk\7.0.102
TpTrace Information: 0 : 10504, 1, 2023/02/09, 18:46:18.167, 8618993122, vstest.console.dll, AssemblyResolver.AddSearchDirectories: Adding more searchDirectories C:\Program Files\dotnet\sdk\7.0.102\Extensions,C:\Program Files\dotnet\sdk\7.0.102
TpTrace Information: 0 : 10504, 1, 2023/02/09, 18:46:18.167, 8618997625, vstest.console.dll, AssemblyResolver.OnResolve: Microsoft.Diagnostics.NETCore.Client: Resolving assembly.
TpTrace Information: 0 : 10504, 1, 2023/02/09, 18:46:18.167, 8618998546, vstest.console.dll, AssemblyResolver.OnResolve: Microsoft.Diagnostics.NETCore.Client: Searching in: 'C:\Program Files\dotnet\sdk\7.0.102\Extensions'.
TpTrace Information: 0 : 10504, 1, 2023/02/09, 18:46:18.177, 8619099308, vstest.console.dll, AssemblyResolver.OnResolve: Microsoft.Diagnostics.NETCore.Client: Loading assembly 'C:\Program Files\dotnet\sdk\7.0.102\Extensions\Microsoft.Diagnostics.NETCore.Client.dll'.
TpTrace Information: 0 : 10504, 1, 2023/02/09, 18:46:18.178, 8619111497, vstest.console.dll, AssemblyResolver.OnResolve: Resolved assembly: Microsoft.Diagnostics.NETCore.Client, from path: C:\Program Files\dotnet\sdk\7.0.102\Extensions\Microsoft.Diagnostics.NETCore.Client.dll
TpTrace Verbose: 0 : 10504, 1, 2023/02/09, 18:46:18.180, 8619127695, vstest.console.dll, MetadataReaderExtensionsHelper: Discovering extensions inside assembly 'Microsoft.Diagnostics.NETCore.Client, Version=0.2.6.42401, Culture=neutral, PublicKeyToken=31bf3856ad364e35' file path 'C:\Program Files\dotnet\sdk\7.0.102\Extensions\Microsoft.Diagnostics.NETCore.Client.dll'
TpTrace Information: 0 : 10504, 1, 2023/02/09, 18:46:18.186, 8619182601, vstest.console.dll, AssemblyResolver.OnResolve: Microsoft.Bcl.AsyncInterfaces: Resolving assembly.
TpTrace Information: 0 : 10504, 1, 2023/02/09, 18:46:18.186, 8619183706, vstest.console.dll, AssemblyResolver.OnResolve: Microsoft.Bcl.AsyncInterfaces: Searching in: 'C:\Program Files\dotnet\sdk\7.0.102\Extensions'.
TpTrace Information: 0 : 10504, 1, 2023/02/09, 18:46:18.186, 8619184860, vstest.console.dll, AssemblyResolver.OnResolve: Microsoft.Bcl.AsyncInterfaces: Assembly path does not exist: 'C:\Program Files\dotnet\sdk\7.0.102\Extensions\Microsoft.Bcl.AsyncInterfaces.dll', returning.
TpTrace Information: 0 : 10504, 1, 2023/02/09, 18:46:18.186, 8619186289, vstest.console.dll, AssemblyResolver.OnResolve: Microsoft.Bcl.AsyncInterfaces: Assembly path does not exist: 'C:\Program Files\dotnet\sdk\7.0.102\Extensions\Microsoft.Bcl.AsyncInterfaces.exe', returning.
TpTrace Information: 0 : 10504, 1, 2023/02/09, 18:46:18.186, 8619186647, vstest.console.dll, AssemblyResolver.OnResolve: Microsoft.Bcl.AsyncInterfaces: Searching in: 'C:\Program Files\dotnet\sdk\7.0.102'.
TpTrace Information: 0 : 10504, 1, 2023/02/09, 18:46:18.186, 8619187311, vstest.console.dll, AssemblyResolver.OnResolve: Microsoft.Bcl.AsyncInterfaces: Assembly path does not exist: 'C:\Program Files\dotnet\sdk\7.0.102\Microsoft.Bcl.AsyncInterfaces.dll', returning.
TpTrace Information: 0 : 10504, 1, 2023/02/09, 18:46:18.186, 8619187933, vstest.console.dll, AssemblyResolver.OnResolve: Microsoft.Bcl.AsyncInterfaces: Assembly path does not exist: 'C:\Program Files\dotnet\sdk\7.0.102\Microsoft.Bcl.AsyncInterfaces.exe', returning.
TpTrace Information: 0 : 10504, 1, 2023/02/09, 18:46:18.186, 8619188185, vstest.console.dll, AssemblyResolver.OnResolve: Microsoft.Bcl.AsyncInterfaces: Failed to load assembly.
TpTrace Verbose: 0 : 10504, 1, 2023/02/09, 18:46:18.186, 8619188594, vstest.console.dll, CurrentDomainAssemblyResolve: Resolving assembly 'Microsoft.Bcl.AsyncInterfaces'.
TpTrace Information: 0 : 10504, 1, 2023/02/09, 18:46:18.186, 8619189187, vstest.console.dll, AssemblyResolver.OnResolve: Microsoft.Bcl.AsyncInterfaces: Resolving assembly.
TpTrace Information: 0 : 10504, 1, 2023/02/09, 18:46:18.186, 8619189543, vstest.console.dll, AssemblyResolver.OnResolve: Microsoft.Bcl.AsyncInterfaces: Resolved from cache.
TpTrace Verbose: 0 : 10504, 1, 2023/02/09, 18:46:18.186, 8619189765, vstest.console.dll, CurrentDomainAssemblyResolve: Resolving assembly 'Microsoft.Bcl.AsyncInterfaces'.
TpTrace Verbose: 0 : 10504, 1, 2023/02/09, 18:46:18.186, 8619190060, vstest.console.dll, CurrentDomainAssemblyResolve: Failed to resolve assembly 'Microsoft.Bcl.AsyncInterfaces'.
TpTrace Verbose: 0 : 10504, 1, 2023/02/09, 18:46:18.188, 8619203933, vstest.console.dll, CurrentDomainAssemblyResolve: Failed to resolve assembly 'Microsoft.Bcl.AsyncInterfaces'.
TpTrace Warning: 0 : 10504, 1, 2023/02/09, 18:46:18.198, 8619309205, vstest.console.dll, TestPluginDiscoverer: Failed to get types from assembly 'Microsoft.Diagnostics.NETCore.Client, Version=0.2.6.42401, Culture=neutral, PublicKeyToken=31bf3856ad364e35'. Error: System.Reflection.ReflectionTypeLoadException: Unable to load one or more of the requested types.
Could not load file or assembly 'Microsoft.Bcl.AsyncInterfaces, Version=1.0.0.0, Culture=neutral, PublicKeyToken=cc7b13ffcd2ddd51'. The system cannot find the file specified.
   at System.Reflection.RuntimeModule.GetTypes(RuntimeModule module)
   at System.Reflection.Assembly.GetTypes()
   at Microsoft.VisualStudio.TestPlatform.Common.ExtensionFramework.TestPluginDiscoverer.GetTestExtensionsFromAssembly[TPluginInfo,TExtension](Assembly assembly, Dictionary`2 pluginInfos, String filePath)
System.IO.FileNotFoundException: Could not load file or assembly 'Microsoft.Bcl.AsyncInterfaces, Version=1.0.0.0, Culture=neutral, PublicKeyToken=cc7b13ffcd2ddd51'. The system cannot find the file specified.
File name: 'Microsoft.Bcl.AsyncInterfaces, Version=1.0.0.0, Culture=neutral, PublicKeyToken=cc7b13ffcd2ddd51'
 ---> System.IO.FileNotFoundException: Could not load file or assembly 'Microsoft.Bcl.AsyncInterfaces, Culture=neutral, PublicKeyToken=null'. The system cannot find the file specified.
File name: 'Microsoft.Bcl.AsyncInterfaces, Culture=neutral, PublicKeyToken=null'
   at System.Reflection.RuntimeAssembly.InternalLoad(AssemblyName assemblyName, StackCrawlMark& stackMark, AssemblyLoadContext assemblyLoadContext, RuntimeAssembly requestingAssembly, Boolean throwOnFileNotFound)
   at System.Reflection.Assembly.Load(AssemblyName assemblyRef)
   at Microsoft.VisualStudio.TestPlatform.Common.ExtensionFramework.TestPluginCache.CurrentDomainAssemblyResolve(Object sender, AssemblyResolveEventArgs args)
   at System.Runtime.Loader.AssemblyLoadContext.GetFirstResolvedAssemblyFromResolvingEvent(AssemblyName assemblyName)
   at System.Runtime.Loader.AssemblyLoadContext.ResolveUsingEvent(AssemblyName assemblyName)
   at System.Runtime.Loader.AssemblyLoadContext.ResolveUsingResolvingEvent(IntPtr gchManagedAssemblyLoadContext, AssemblyName assemblyName)
TpTrace Warning: 0 : 10504, 1, 2023/02/09, 18:46:18.199, 8619313346, vstest.console.dll, LoaderExceptions: System.IO.FileNotFoundException: Could not load file or assembly 'Microsoft.Bcl.AsyncInterfaces, Version=1.0.0.0, Culture=neutral, PublicKeyToken=cc7b13ffcd2ddd51'. The system cannot find the file specified.
File name: 'Microsoft.Bcl.AsyncInterfaces, Version=1.0.0.0, Culture=neutral, PublicKeyToken=cc7b13ffcd2ddd51'
 ---> System.IO.FileNotFoundException: Could not load file or assembly 'Microsoft.Bcl.AsyncInterfaces, Culture=neutral, PublicKeyToken=null'. The system cannot find the file specified.
File name: 'Microsoft.Bcl.AsyncInterfaces, Culture=neutral, PublicKeyToken=null'
   at System.Reflection.RuntimeAssembly.InternalLoad(AssemblyName assemblyName, StackCrawlMark& stackMark, AssemblyLoadContext assemblyLoadContext, RuntimeAssembly requestingAssembly, Boolean throwOnFileNotFound)
   at System.Reflection.Assembly.Load(AssemblyName assemblyRef)
   at Microsoft.VisualStudio.TestPlatform.Common.ExtensionFramework.TestPluginCache.CurrentDomainAssemblyResolve(Object sender, AssemblyResolveEventArgs args)
   at System.Runtime.Loader.AssemblyLoadContext.GetFirstResolvedAssemblyFromResolvingEvent(AssemblyName assemblyName)
   at System.Runtime.Loader.AssemblyLoadContext.ResolveUsingEvent(AssemblyName assemblyName)
   at System.Runtime.Loader.AssemblyLoadContext.ResolveUsingResolvingEvent(IntPtr gchManagedAssemblyLoadContext, AssemblyName assemblyName)
TpTrace Information: 0 : 10504, 1, 2023/02/09, 18:46:18.199, 8619315294, vstest.console.dll, AssemblyResolver.OnResolve: Microsoft.TestPlatform.Extensions.BlameDataCollector: Resolving assembly.
TpTrace Information: 0 : 10504, 1, 2023/02/09, 18:46:18.199, 8619315715, vstest.console.dll, AssemblyResolver.OnResolve: Microsoft.TestPlatform.Extensions.BlameDataCollector: Searching in: 'C:\Program Files\dotnet\sdk\7.0.102\Extensions'.
TpTrace Information: 0 : 10504, 1, 2023/02/09, 18:46:18.200, 8619326912, vstest.console.dll, AssemblyResolver.OnResolve: Microsoft.TestPlatform.Extensions.BlameDataCollector: Loading assembly 'C:\Program Files\dotnet\sdk\7.0.102\Extensions\Microsoft.TestPlatform.Extensions.BlameDataCollector.dll'.
TpTrace Information: 0 : 10504, 1, 2023/02/09, 18:46:18.201, 8619341899, vstest.console.dll, AssemblyResolver.OnResolve: Resolved assembly: Microsoft.TestPlatform.Extensions.BlameDataCollector, from path: C:\Program Files\dotnet\sdk\7.0.102\Extensions\Microsoft.TestPlatform.Extensions.BlameDataCollector.dll
TpTrace Verbose: 0 : 10504, 1, 2023/02/09, 18:46:18.202, 8619343982, vstest.console.dll, MetadataReaderExtensionsHelper: Discovering extensions inside assembly 'Microsoft.TestPlatform.Extensions.BlameDataCollector, Version=15.0.0.0, Culture=neutral, PublicKeyToken=b03f5f7f11d50a3a' file path 'C:\Program Files\dotnet\sdk\7.0.102\Extensions\Microsoft.TestPlatform.Extensions.BlameDataCollector.dll'
TpTrace Information: 0 : 10504, 1, 2023/02/09, 18:46:18.204, 8619372057, vstest.console.dll, AssemblyResolver.OnResolve: Microsoft.TestPlatform.Extensions.EventLogCollector: Resolving assembly.
TpTrace Information: 0 : 10504, 1, 2023/02/09, 18:46:18.205, 8619373276, vstest.console.dll, AssemblyResolver.OnResolve: Microsoft.TestPlatform.Extensions.EventLogCollector: Searching in: 'C:\Program Files\dotnet\sdk\7.0.102\Extensions'.
TpTrace Information: 0 : 10504, 1, 2023/02/09, 18:46:18.205, 8619381481, vstest.console.dll, AssemblyResolver.OnResolve: Microsoft.TestPlatform.Extensions.EventLogCollector: Loading assembly 'C:\Program Files\dotnet\sdk\7.0.102\Extensions\Microsoft.TestPlatform.Extensions.EventLogCollector.dll'.
TpTrace Information: 0 : 10504, 1, 2023/02/09, 18:46:18.206, 8619392368, vstest.console.dll, AssemblyResolver.OnResolve: Resolved assembly: Microsoft.TestPlatform.Extensions.EventLogCollector, from path: C:\Program Files\dotnet\sdk\7.0.102\Extensions\Microsoft.TestPlatform.Extensions.EventLogCollector.dll
TpTrace Verbose: 0 : 10504, 1, 2023/02/09, 18:46:18.207, 8619393657, vstest.console.dll, MetadataReaderExtensionsHelper: Discovering extensions inside assembly 'Microsoft.TestPlatform.Extensions.EventLogCollector, Version=15.0.0.0, Culture=neutral, PublicKeyToken=b03f5f7f11d50a3a' file path 'C:\Program Files\dotnet\sdk\7.0.102\Extensions\Microsoft.TestPlatform.Extensions.EventLogCollector.dll'
TpTrace Information: 0 : 10504, 1, 2023/02/09, 18:46:18.212, 8619452376, vstest.console.dll, AssemblyResolver.OnResolve: Microsoft.TestPlatform.TestHostRuntimeProvider: Resolving assembly.
TpTrace Information: 0 : 10504, 1, 2023/02/09, 18:46:18.213, 8619454298, vstest.console.dll, AssemblyResolver.OnResolve: Microsoft.TestPlatform.TestHostRuntimeProvider: Searching in: 'C:\Program Files\dotnet\sdk\7.0.102\Extensions'.
TpTrace Information: 0 : 10504, 1, 2023/02/09, 18:46:18.214, 8619464045, vstest.console.dll, AssemblyResolver.OnResolve: Microsoft.TestPlatform.TestHostRuntimeProvider: Loading assembly 'C:\Program Files\dotnet\sdk\7.0.102\Extensions\Microsoft.TestPlatform.TestHostRuntimeProvider.dll'.
TpTrace Information: 0 : 10504, 1, 2023/02/09, 18:46:18.215, 8619472977, vstest.console.dll, AssemblyResolver.OnResolve: Resolved assembly: Microsoft.TestPlatform.TestHostRuntimeProvider, from path: C:\Program Files\dotnet\sdk\7.0.102\Extensions\Microsoft.TestPlatform.TestHostRuntimeProvider.dll
TpTrace Verbose: 0 : 10504, 1, 2023/02/09, 18:46:18.215, 8619474511, vstest.console.dll, MetadataReaderExtensionsHelper: Discovering extensions inside assembly 'Microsoft.TestPlatform.TestHostRuntimeProvider, Version=15.0.0.0, Culture=neutral, PublicKeyToken=b03f5f7f11d50a3a' file path 'C:\Program Files\dotnet\sdk\7.0.102\Extensions\Microsoft.TestPlatform.TestHostRuntimeProvider.dll'
TpTrace Information: 0 : 10504, 1, 2023/02/09, 18:46:18.219, 8619518097, vstest.console.dll, GetTestExtensionFromType: Register extension with identifier data 'HostProvider://DefaultTestHost' and type 'Microsoft.VisualStudio.TestPlatform.CrossPlatEngine.Hosting.DefaultTestHostManager, Microsoft.TestPlatform.TestHostRuntimeProvider, Version=15.0.0.0, Culture=neutral, PublicKeyToken=b03f5f7f11d50a3a' inside file 'C:\Program Files\dotnet\sdk\7.0.102\Extensions\Microsoft.TestPlatform.TestHostRuntimeProvider.dll'
TpTrace Information: 0 : 10504, 1, 2023/02/09, 18:46:18.220, 8619525101, vstest.console.dll, GetTestExtensionFromType: Register extension with identifier data 'HostProvider://DotnetTestHost' and type 'Microsoft.VisualStudio.TestPlatform.CrossPlatEngine.Hosting.DotnetTestHostManager, Microsoft.TestPlatform.TestHostRuntimeProvider, Version=15.0.0.0, Culture=neutral, PublicKeyToken=b03f5f7f11d50a3a' inside file 'C:\Program Files\dotnet\sdk\7.0.102\Extensions\Microsoft.TestPlatform.TestHostRuntimeProvider.dll'
TpTrace Information: 0 : 10504, 1, 2023/02/09, 18:46:18.220, 8619527389, vstest.console.dll, AssemblyResolver.OnResolve: Microsoft.VisualStudio.TestPlatform.Extensions.Html.TestLogger: Resolving assembly.
TpTrace Information: 0 : 10504, 1, 2023/02/09, 18:46:18.220, 8619528300, vstest.console.dll, AssemblyResolver.OnResolve: Microsoft.VisualStudio.TestPlatform.Extensions.Html.TestLogger: Searching in: 'C:\Program Files\dotnet\sdk\7.0.102\Extensions'.
TpTrace Information: 0 : 10504, 1, 2023/02/09, 18:46:18.221, 8619540121, vstest.console.dll, AssemblyResolver.OnResolve: Microsoft.VisualStudio.TestPlatform.Extensions.Html.TestLogger: Loading assembly 'C:\Program Files\dotnet\sdk\7.0.102\Extensions\Microsoft.VisualStudio.TestPlatform.Extensions.Html.TestLogger.dll'.
TpTrace Information: 0 : 10504, 1, 2023/02/09, 18:46:18.223, 8619558511, vstest.console.dll, AssemblyResolver.OnResolve: Resolved assembly: Microsoft.VisualStudio.TestPlatform.Extensions.Html.TestLogger, from path: C:\Program Files\dotnet\sdk\7.0.102\Extensions\Microsoft.VisualStudio.TestPlatform.Extensions.Html.TestLogger.dll
TpTrace Verbose: 0 : 10504, 1, 2023/02/09, 18:46:18.223, 8619560500, vstest.console.dll, MetadataReaderExtensionsHelper: Discovering extensions inside assembly 'Microsoft.VisualStudio.TestPlatform.Extensions.Html.TestLogger, Version=15.0.0.0, Culture=neutral, PublicKeyToken=b03f5f7f11d50a3a' file path 'C:\Program Files\dotnet\sdk\7.0.102\Extensions\Microsoft.VisualStudio.TestPlatform.Extensions.Html.TestLogger.dll'
TpTrace Information: 0 : 10504, 1, 2023/02/09, 18:46:18.225, 8619579325, vstest.console.dll, AssemblyResolver.OnResolve: Microsoft.VisualStudio.TestPlatform.Extensions.Trx.TestLogger: Resolving assembly.
TpTrace Information: 0 : 10504, 1, 2023/02/09, 18:46:18.225, 8619580619, vstest.console.dll, AssemblyResolver.OnResolve: Microsoft.VisualStudio.TestPlatform.Extensions.Trx.TestLogger: Searching in: 'C:\Program Files\dotnet\sdk\7.0.102\Extensions'.
TpTrace Information: 0 : 10504, 1, 2023/02/09, 18:46:18.226, 8619588809, vstest.console.dll, AssemblyResolver.OnResolve: Microsoft.VisualStudio.TestPlatform.Extensions.Trx.TestLogger: Loading assembly 'C:\Program Files\dotnet\sdk\7.0.102\Extensions\Microsoft.VisualStudio.TestPlatform.Extensions.Trx.TestLogger.dll'.
TpTrace Information: 0 : 10504, 1, 2023/02/09, 18:46:18.227, 8619601222, vstest.console.dll, AssemblyResolver.OnResolve: Resolved assembly: Microsoft.VisualStudio.TestPlatform.Extensions.Trx.TestLogger, from path: C:\Program Files\dotnet\sdk\7.0.102\Extensions\Microsoft.VisualStudio.TestPlatform.Extensions.Trx.TestLogger.dll
TpTrace Verbose: 0 : 10504, 1, 2023/02/09, 18:46:18.228, 8619602758, vstest.console.dll, MetadataReaderExtensionsHelper: Discovering extensions inside assembly 'Microsoft.VisualStudio.TestPlatform.Extensions.Trx.TestLogger, Version=15.0.0.0, Culture=neutral, PublicKeyToken=b03f5f7f11d50a3a' file path 'C:\Program Files\dotnet\sdk\7.0.102\Extensions\Microsoft.VisualStudio.TestPlatform.Extensions.Trx.TestLogger.dll'
TpTrace Verbose: 0 : 10504, 1, 2023/02/09, 18:46:18.229, 8619621701, vstest.console.dll, TestPluginCache: Discovered the extensions using extension path ''.
TpTrace Verbose: 0 : 10504, 1, 2023/02/09, 18:46:18.230, 8619623129, vstest.console.dll, TestPluginCache: Discoverers are ''.
TpTrace Verbose: 0 : 10504, 1, 2023/02/09, 18:46:18.230, 8619623562, vstest.console.dll, TestPluginCache: Executors are ''.
TpTrace Verbose: 0 : 10504, 1, 2023/02/09, 18:46:18.230, 8619623867, vstest.console.dll, TestPluginCache: Executors2 are ''.
TpTrace Verbose: 0 : 10504, 1, 2023/02/09, 18:46:18.230, 8619624156, vstest.console.dll, TestPluginCache: Setting providers are ''.
TpTrace Verbose: 0 : 10504, 1, 2023/02/09, 18:46:18.230, 8619624467, vstest.console.dll, TestPluginCache: Loggers are ''.
TpTrace Verbose: 0 : 10504, 1, 2023/02/09, 18:46:18.230, 8619626424, vstest.console.dll, TestPluginCache: TestHosts are 'HostProvider://DefaultTestHost,HostProvider://DotnetTestHost'.
TpTrace Verbose: 0 : 10504, 1, 2023/02/09, 18:46:18.230, 8619626919, vstest.console.dll, TestPluginCache: DataCollectors are ''.
TpTrace Information: 0 : 10504, 1, 2023/02/09, 18:46:18.245, 8619773297, vstest.console.dll, RunTestsArgumentProcessor:Execute: Test run is starting.
TpTrace Verbose: 0 : 10504, 1, 2023/02/09, 18:46:18.245, 8619774400, vstest.console.dll, RunTestsArgumentProcessor:Execute: Queuing Test run.
TpTrace Information: 0 : 10504, 1, 2023/02/09, 18:46:18.245, 8619777310, vstest.console.dll, TestRequestManager.RunTests: run tests started.
TpTrace Information: 0 : 10504, 1, 2023/02/09, 18:46:18.246, 8619792127, vstest.console.dll, AssemblyMetadataProvider.GetFrameworkName: Determined framework:'.NETCoreApp,Version=v7.0' for source: 'C:\Users\vinodh\Downloads\ECommerce-20230123T103436Z-001\ECommerce\ECommerce\NUnit Testing\bin\Debug\net7.0\fine-code-coverage\build-output\NUnit Testing.dll'
TpTrace Information: 0 : 10504, 1, 2023/02/09, 18:46:18.247, 8619794081, vstest.console.dll, Determined framework for all sources: .NETCoreApp,Version=v7.0
TpTrace Verbose: 0 : 10504, 1, 2023/02/09, 18:46:18.247, 8619797801, vstest.console.dll, TestRequestManager.UpdateRunSettingsIfRequired: Default architecture: X64 IsDefaultTargetArchitecture: True, Current process architecture: X64 OperatingSystem: Windows.
TpTrace Information: 0 : 10504, 1, 2023/02/09, 18:46:18.249, 8619817353, vstest.console.dll, AssemblyMetadataProvider.GetArchitecture: Determined architecture:AnyCPU info for assembly: C:\Users\vinodh\Downloads\ECommerce-20230123T103436Z-001\ECommerce\ECommerce\NUnit Testing\bin\Debug\net7.0\fine-code-coverage\build-output\NUnit Testing.dll
TpTrace Information: 0 : 10504, 1, 2023/02/09, 18:46:18.249, 8619818169, vstest.console.dll, Determined platform for source 'C:\Users\vinodh\Downloads\ECommerce-20230123T103436Z-001\ECommerce\ECommerce\NUnit Testing\bin\Debug\net7.0\fine-code-coverage\build-output\NUnit Testing.dll' was AnyCPU and it will use the default plaform X64.
TpTrace Information: 0 : 10504, 1, 2023/02/09, 18:46:18.249, 8619818433, vstest.console.dll, None of the sources provided any runnable platform, using the default platform: X64
TpTrace Information: 0 : 10504, 1, 2023/02/09, 18:46:18.249, 8619819468, vstest.console.dll, Platform was updated to 'X64'.
TpTrace Information: 0 : 10504, 1, 2023/02/09, 18:46:18.254, 8619864640, vstest.console.dll, InferRunSettingsHelper.IsTestSettingsEnabled: Unable to navigate to RunSettings/MSTest. Current node: RunSettings
TpTrace Information: 0 : 10504, 1, 2023/02/09, 18:46:18.255, 8619874437, vstest.console.dll, AssemblyResolver.OnResolve: Microsoft.VisualStudio.TestPlatform.Fakes: Resolving assembly.
TpTrace Information: 0 : 10504, 1, 2023/02/09, 18:46:18.255, 8619875523, vstest.console.dll, AssemblyResolver.OnResolve: Microsoft.VisualStudio.TestPlatform.Fakes: Searching in: 'C:\Program Files\dotnet\sdk\7.0.102\Extensions'.
TpTrace Information: 0 : 10504, 1, 2023/02/09, 18:46:18.255, 8619877460, vstest.console.dll, AssemblyResolver.OnResolve: Microsoft.VisualStudio.TestPlatform.Fakes: Assembly path does not exist: 'C:\Program Files\dotnet\sdk\7.0.102\Extensions\Microsoft.VisualStudio.TestPlatform.Fakes.dll', returning.
TpTrace Information: 0 : 10504, 1, 2023/02/09, 18:46:18.255, 8619878570, vstest.console.dll, AssemblyResolver.OnResolve: Microsoft.VisualStudio.TestPlatform.Fakes: Assembly path does not exist: 'C:\Program Files\dotnet\sdk\7.0.102\Extensions\Microsoft.VisualStudio.TestPlatform.Fakes.exe', returning.
TpTrace Information: 0 : 10504, 1, 2023/02/09, 18:46:18.255, 8619879032, vstest.console.dll, AssemblyResolver.OnResolve: Microsoft.VisualStudio.TestPlatform.Fakes: Searching in: 'C:\Program Files\dotnet\sdk\7.0.102'.
TpTrace Information: 0 : 10504, 1, 2023/02/09, 18:46:18.255, 8619879992, vstest.console.dll, AssemblyResolver.OnResolve: Microsoft.VisualStudio.TestPlatform.Fakes: Assembly path does not exist: 'C:\Program Files\dotnet\sdk\7.0.102\Microsoft.VisualStudio.TestPlatform.Fakes.dll', returning.
TpTrace Information: 0 : 10504, 1, 2023/02/09, 18:46:18.255, 8619880973, vstest.console.dll, AssemblyResolver.OnResolve: Microsoft.VisualStudio.TestPlatform.Fakes: Assembly path does not exist: 'C:\Program Files\dotnet\sdk\7.0.102\Microsoft.VisualStudio.TestPlatform.Fakes.exe', returning.
TpTrace Information: 0 : 10504, 1, 2023/02/09, 18:46:18.255, 8619881404, vstest.console.dll, AssemblyResolver.OnResolve: Microsoft.VisualStudio.TestPlatform.Fakes: Failed to load assembly.
TpTrace Information: 0 : 10504, 1, 2023/02/09, 18:46:18.256, 8619884910, vstest.console.dll, Failed to load assembly Microsoft.VisualStudio.TestPlatform.Fakes, Version=17.0.0.0, Culture=neutral. Reason:System.IO.FileNotFoundException: Could not load file or assembly 'Microsoft.VisualStudio.TestPlatform.Fakes, Version=17.0.0.0, Culture=neutral, PublicKeyToken=null'. The system cannot find the file specified.
File name: 'Microsoft.VisualStudio.TestPlatform.Fakes, Version=17.0.0.0, Culture=neutral, PublicKeyToken=null'
   at System.Reflection.RuntimeAssembly.InternalLoad(AssemblyName assemblyName, StackCrawlMark& stackMark, AssemblyLoadContext assemblyLoadContext, RuntimeAssembly requestingAssembly, Boolean throwOnFileNotFound)
   at System.Reflection.Assembly.Load(AssemblyName assemblyRef)
   at Microsoft.VisualStudio.TestPlatform.Common.Utilities.FakesUtilities.LoadTestPlatformAssembly()
TpTrace Verbose: 0 : 10504, 1, 2023/02/09, 18:46:18.260, 8619927353, vstest.console.dll, TestPluginCache.DiscoverTestExtensions: finding test extensions in assemblies ends with: TestLogger.dll TPluginInfo: Microsoft.VisualStudio.TestPlatform.Common.ExtensionFramework.Utilities.TestLoggerPluginInformation TExtension: Microsoft.VisualStudio.TestPlatform.ObjectModel.Client.ITestLogger
TpTrace Verbose: 0 : 10504, 1, 2023/02/09, 18:46:18.260, 8619929321, vstest.console.dll, TestPluginCache.GetExtensionPaths: Filtered extension paths: 
TpTrace Verbose: 0 : 10504, 1, 2023/02/09, 18:46:18.260, 8619929909, vstest.console.dll, TestPluginCache.GetExtensionPaths: Added default extension paths: C:\Program Files\dotnet\sdk\7.0.102\Extensions\Microsoft.Diagnostics.NETCore.Client.dll
C:\Program Files\dotnet\sdk\7.0.102\Extensions\Microsoft.TestPlatform.Extensions.BlameDataCollector.dll
C:\Program Files\dotnet\sdk\7.0.102\Extensions\Microsoft.TestPlatform.Extensions.EventLogCollector.dll
C:\Program Files\dotnet\sdk\7.0.102\Extensions\Microsoft.TestPlatform.TestHostRuntimeProvider.dll
C:\Program Files\dotnet\sdk\7.0.102\Extensions\Microsoft.VisualStudio.TestPlatform.Extensions.Html.TestLogger.dll
C:\Program Files\dotnet\sdk\7.0.102\Extensions\Microsoft.VisualStudio.TestPlatform.Extensions.Trx.TestLogger.dll
TpTrace Verbose: 0 : 10504, 1, 2023/02/09, 18:46:18.260, 8619930212, vstest.console.dll, TestPluginCache.GetExtensionPaths: Added unfilterableExtensionPaths: 
TpTrace Information: 0 : 10504, 1, 2023/02/09, 18:46:18.260, 8619932146, vstest.console.dll, AssemblyResolver.AddSearchDirectories: Adding more searchDirectories C:\Program Files\dotnet\sdk\7.0.102\Extensions,C:\Program Files\dotnet\sdk\7.0.102
TpTrace Verbose: 0 : 10504, 1, 2023/02/09, 18:46:18.261, 8619932704, vstest.console.dll, TestPluginCache.DiscoverTestExtensions: Discovering the extensions using extension path.
TpTrace Verbose: 0 : 10504, 1, 2023/02/09, 18:46:18.261, 8619933004, vstest.console.dll, TestPluginCache.GetExtensionPaths: Filtered extension paths: 
TpTrace Verbose: 0 : 10504, 1, 2023/02/09, 18:46:18.261, 8619933272, vstest.console.dll, TestPluginCache.GetExtensionPaths: Added default extension paths: C:\Program Files\dotnet\sdk\7.0.102\Extensions\Microsoft.Diagnostics.NETCore.Client.dll
C:\Program Files\dotnet\sdk\7.0.102\Extensions\Microsoft.TestPlatform.Extensions.BlameDataCollector.dll
C:\Program Files\dotnet\sdk\7.0.102\Extensions\Microsoft.TestPlatform.Extensions.EventLogCollector.dll
C:\Program Files\dotnet\sdk\7.0.102\Extensions\Microsoft.TestPlatform.TestHostRuntimeProvider.dll
C:\Program Files\dotnet\sdk\7.0.102\Extensions\Microsoft.VisualStudio.TestPlatform.Extensions.Html.TestLogger.dll
C:\Program Files\dotnet\sdk\7.0.102\Extensions\Microsoft.VisualStudio.TestPlatform.Extensions.Trx.TestLogger.dll
TpTrace Verbose: 0 : 10504, 1, 2023/02/09, 18:46:18.261, 8619933489, vstest.console.dll, TestPluginCache.GetExtensionPaths: Added unfilterableExtensionPaths: 
TpTrace Verbose: 0 : 10504, 1, 2023/02/09, 18:46:18.261, 8619933876, vstest.console.dll, TestPluginCache.DiscoverTestExtensions: Discovering the extensions using allExtensionPaths: C:\Program Files\dotnet\sdk\7.0.102\Extensions\Microsoft.Diagnostics.NETCore.Client.dll
C:\Program Files\dotnet\sdk\7.0.102\Extensions\Microsoft.TestPlatform.Extensions.BlameDataCollector.dll
C:\Program Files\dotnet\sdk\7.0.102\Extensions\Microsoft.TestPlatform.Extensions.EventLogCollector.dll
C:\Program Files\dotnet\sdk\7.0.102\Extensions\Microsoft.TestPlatform.TestHostRuntimeProvider.dll
C:\Program Files\dotnet\sdk\7.0.102\Extensions\Microsoft.VisualStudio.TestPlatform.Extensions.Html.TestLogger.dll
C:\Program Files\dotnet\sdk\7.0.102\Extensions\Microsoft.VisualStudio.TestPlatform.Extensions.Trx.TestLogger.dll
TpTrace Information: 0 : 10504, 1, 2023/02/09, 18:46:18.261, 8619935192, vstest.console.dll, AssemblyResolver.AddSearchDirectories: Adding more searchDirectories C:\Program Files\dotnet\sdk\7.0.102\Extensions,C:\Program Files\dotnet\sdk\7.0.102
TpTrace Information: 0 : 10504, 1, 2023/02/09, 18:46:18.261, 8619935624, vstest.console.dll, AssemblyResolver.AddSearchDirectories: Adding more searchDirectories C:\Program Files\dotnet\sdk\7.0.102\Extensions,C:\Program Files\dotnet\sdk\7.0.102
TpTrace Information: 0 : 10504, 1, 2023/02/09, 18:46:18.261, 8619935863, vstest.console.dll, AssemblyResolver.AddSearchDirectories: Adding more searchDirectories C:\Program Files\dotnet\sdk\7.0.102\Extensions,C:\Program Files\dotnet\sdk\7.0.102
TpTrace Information: 0 : 10504, 1, 2023/02/09, 18:46:18.261, 8619936078, vstest.console.dll, AssemblyResolver.AddSearchDirectories: Adding more searchDirectories C:\Program Files\dotnet\sdk\7.0.102\Extensions,C:\Program Files\dotnet\sdk\7.0.102
TpTrace Information: 0 : 10504, 1, 2023/02/09, 18:46:18.261, 8619936321, vstest.console.dll, AssemblyResolver.AddSearchDirectories: Adding more searchDirectories C:\Program Files\dotnet\sdk\7.0.102\Extensions,C:\Program Files\dotnet\sdk\7.0.102
TpTrace Information: 0 : 10504, 1, 2023/02/09, 18:46:18.261, 8619936545, vstest.console.dll, AssemblyResolver.AddSearchDirectories: Adding more searchDirectories C:\Program Files\dotnet\sdk\7.0.102\Extensions,C:\Program Files\dotnet\sdk\7.0.102
TpTrace Verbose: 0 : 10504, 1, 2023/02/09, 18:46:18.261, 8619937653, vstest.console.dll, MetadataReaderExtensionsHelper: Discovering extensions inside assembly 'Microsoft.Diagnostics.NETCore.Client, Version=0.2.6.42401, Culture=neutral, PublicKeyToken=31bf3856ad364e35' file path 'C:\Program Files\dotnet\sdk\7.0.102\Extensions\Microsoft.Diagnostics.NETCore.Client.dll'
TpTrace Information: 0 : 10504, 1, 2023/02/09, 18:46:18.262, 8619950072, vstest.console.dll, AssemblyResolver.OnResolve: Microsoft.Bcl.AsyncInterfaces: Resolving assembly.
TpTrace Information: 0 : 10504, 1, 2023/02/09, 18:46:18.262, 8619950954, vstest.console.dll, AssemblyResolver.OnResolve: Microsoft.Bcl.AsyncInterfaces: Resolved from cache.
TpTrace Verbose: 0 : 10504, 1, 2023/02/09, 18:46:18.262, 8619951226, vstest.console.dll, CurrentDomainAssemblyResolve: Resolving assembly 'Microsoft.Bcl.AsyncInterfaces'.
TpTrace Information: 0 : 10504, 1, 2023/02/09, 18:46:18.262, 8619951716, vstest.console.dll, AssemblyResolver.OnResolve: Microsoft.Bcl.AsyncInterfaces: Resolving assembly.
TpTrace Information: 0 : 10504, 1, 2023/02/09, 18:46:18.262, 8619951957, vstest.console.dll, AssemblyResolver.OnResolve: Microsoft.Bcl.AsyncInterfaces: Resolved from cache.
TpTrace Verbose: 0 : 10504, 1, 2023/02/09, 18:46:18.262, 8619952159, vstest.console.dll, CurrentDomainAssemblyResolve: Resolving assembly 'Microsoft.Bcl.AsyncInterfaces'.
TpTrace Verbose: 0 : 10504, 1, 2023/02/09, 18:46:18.262, 8619952363, vstest.console.dll, CurrentDomainAssemblyResolve: Failed to resolve assembly 'Microsoft.Bcl.AsyncInterfaces'.
TpTrace Verbose: 0 : 10504, 1, 2023/02/09, 18:46:18.263, 8619953973, vstest.console.dll, CurrentDomainAssemblyResolve: Failed to resolve assembly 'Microsoft.Bcl.AsyncInterfaces'.
TpTrace Warning: 0 : 10504, 1, 2023/02/09, 18:46:18.263, 8619957407, vstest.console.dll, TestPluginDiscoverer: Failed to get types from assembly 'Microsoft.Diagnostics.NETCore.Client, Version=0.2.6.42401, Culture=neutral, PublicKeyToken=31bf3856ad364e35'. Error: System.Reflection.ReflectionTypeLoadException: Unable to load one or more of the requested types.
Could not load file or assembly 'Microsoft.Bcl.AsyncInterfaces, Version=1.0.0.0, Culture=neutral, PublicKeyToken=cc7b13ffcd2ddd51'. The system cannot find the file specified.
   at System.Reflection.RuntimeModule.GetTypes(RuntimeModule module)
   at System.Reflection.Assembly.GetTypes()
   at Microsoft.VisualStudio.TestPlatform.Common.ExtensionFramework.TestPluginDiscoverer.GetTestExtensionsFromAssembly[TPluginInfo,TExtension](Assembly assembly, Dictionary`2 pluginInfos, String filePath)
System.IO.FileNotFoundException: Could not load file or assembly 'Microsoft.Bcl.AsyncInterfaces, Version=1.0.0.0, Culture=neutral, PublicKeyToken=cc7b13ffcd2ddd51'. The system cannot find the file specified.
File name: 'Microsoft.Bcl.AsyncInterfaces, Version=1.0.0.0, Culture=neutral, PublicKeyToken=cc7b13ffcd2ddd51'
 ---> System.IO.FileNotFoundException: Could not load file or assembly 'Microsoft.Bcl.AsyncInterfaces, Culture=neutral, PublicKeyToken=null'. The system cannot find the file specified.
File name: 'Microsoft.Bcl.AsyncInterfaces, Culture=neutral, PublicKeyToken=null'
   at System.Reflection.RuntimeAssembly.InternalLoad(AssemblyName assemblyName, StackCrawlMark& stackMark, AssemblyLoadContext assemblyLoadContext, RuntimeAssembly requestingAssembly, Boolean throwOnFileNotFound)
   at System.Reflection.Assembly.Load(AssemblyName assemblyRef)
   at Microsoft.VisualStudio.TestPlatform.Common.ExtensionFramework.TestPluginCache.CurrentDomainAssemblyResolve(Object sender, AssemblyResolveEventArgs args)
   at System.Runtime.Loader.AssemblyLoadContext.GetFirstResolvedAssemblyFromResolvingEvent(AssemblyName assemblyName)
   at System.Runtime.Loader.AssemblyLoadContext.ResolveUsingEvent(AssemblyName assemblyName)
   at System.Runtime.Loader.AssemblyLoadContext.ResolveUsingResolvingEvent(IntPtr gchManagedAssemblyLoadContext, AssemblyName assemblyName)
TpTrace Warning: 0 : 10504, 1, 2023/02/09, 18:46:18.263, 8619958880, vstest.console.dll, LoaderExceptions: System.IO.FileNotFoundException: Could not load file or assembly 'Microsoft.Bcl.AsyncInterfaces, Version=1.0.0.0, Culture=neutral, PublicKeyToken=cc7b13ffcd2ddd51'. The system cannot find the file specified.
File name: 'Microsoft.Bcl.AsyncInterfaces, Version=1.0.0.0, Culture=neutral, PublicKeyToken=cc7b13ffcd2ddd51'
 ---> System.IO.FileNotFoundException: Could not load file or assembly 'Microsoft.Bcl.AsyncInterfaces, Culture=neutral, PublicKeyToken=null'. The system cannot find the file specified.
File name: 'Microsoft.Bcl.AsyncInterfaces, Culture=neutral, PublicKeyToken=null'
   at System.Reflection.RuntimeAssembly.InternalLoad(AssemblyName assemblyName, StackCrawlMark& stackMark, AssemblyLoadContext assemblyLoadContext, RuntimeAssembly requestingAssembly, Boolean throwOnFileNotFound)
   at System.Reflection.Assembly.Load(AssemblyName assemblyRef)
   at Microsoft.VisualStudio.TestPlatform.Common.ExtensionFramework.TestPluginCache.CurrentDomainAssemblyResolve(Object sender, AssemblyResolveEventArgs args)
   at System.Runtime.Loader.AssemblyLoadContext.GetFirstResolvedAssemblyFromResolvingEvent(AssemblyName assemblyName)
   at System.Runtime.Loader.AssemblyLoadContext.ResolveUsingEvent(AssemblyName assemblyName)
   at System.Runtime.Loader.AssemblyLoadContext.ResolveUsingResolvingEvent(IntPtr gchManagedAssemblyLoadContext, AssemblyName assemblyName)
TpTrace Verbose: 0 : 10504, 1, 2023/02/09, 18:46:18.263, 8619959878, vstest.console.dll, MetadataReaderExtensionsHelper: Discovering extensions inside assembly 'Microsoft.TestPlatform.Extensions.BlameDataCollector, Version=15.0.0.0, Culture=neutral, PublicKeyToken=b03f5f7f11d50a3a' file path 'C:\Program Files\dotnet\sdk\7.0.102\Extensions\Microsoft.TestPlatform.Extensions.BlameDataCollector.dll'
TpTrace Information: 0 : 10504, 1, 2023/02/09, 18:46:18.264, 8619971929, vstest.console.dll, GetTestExtensionFromType: Register extension with identifier data 'logger://Microsoft/TestPlatform/Extensions/Blame/v1' and type 'Microsoft.TestPlatform.Extensions.BlameDataCollector.BlameLogger, Microsoft.TestPlatform.Extensions.BlameDataCollector, Version=15.0.0.0, Culture=neutral, PublicKeyToken=b03f5f7f11d50a3a' inside file 'C:\Program Files\dotnet\sdk\7.0.102\Extensions\Microsoft.TestPlatform.Extensions.BlameDataCollector.dll'
TpTrace Verbose: 0 : 10504, 1, 2023/02/09, 18:46:18.265, 8619973986, vstest.console.dll, MetadataReaderExtensionsHelper: Discovering extensions inside assembly 'Microsoft.TestPlatform.Extensions.EventLogCollector, Version=15.0.0.0, Culture=neutral, PublicKeyToken=b03f5f7f11d50a3a' file path 'C:\Program Files\dotnet\sdk\7.0.102\Extensions\Microsoft.TestPlatform.Extensions.EventLogCollector.dll'
TpTrace Verbose: 0 : 10504, 1, 2023/02/09, 18:46:18.266, 8619987664, vstest.console.dll, MetadataReaderExtensionsHelper: Discovering extensions inside assembly 'Microsoft.TestPlatform.TestHostRuntimeProvider, Version=15.0.0.0, Culture=neutral, PublicKeyToken=b03f5f7f11d50a3a' file path 'C:\Program Files\dotnet\sdk\7.0.102\Extensions\Microsoft.TestPlatform.TestHostRuntimeProvider.dll'
TpTrace Verbose: 0 : 10504, 1, 2023/02/09, 18:46:18.267, 8620000240, vstest.console.dll, MetadataReaderExtensionsHelper: Discovering extensions inside assembly 'Microsoft.VisualStudio.TestPlatform.Extensions.Html.TestLogger, Version=15.0.0.0, Culture=neutral, PublicKeyToken=b03f5f7f11d50a3a' file path 'C:\Program Files\dotnet\sdk\7.0.102\Extensions\Microsoft.VisualStudio.TestPlatform.Extensions.Html.TestLogger.dll'
TpTrace Information: 0 : 10504, 1, 2023/02/09, 18:46:18.269, 8620018017, vstest.console.dll, GetTestExtensionFromType: Register extension with identifier data 'logger://Microsoft/TestPlatform/HtmlLogger/v1' and type 'Microsoft.VisualStudio.TestPlatform.Extensions.HtmlLogger.HtmlLogger, Microsoft.VisualStudio.TestPlatform.Extensions.Html.TestLogger, Version=15.0.0.0, Culture=neutral, PublicKeyToken=b03f5f7f11d50a3a' inside file 'C:\Program Files\dotnet\sdk\7.0.102\Extensions\Microsoft.VisualStudio.TestPlatform.Extensions.Html.TestLogger.dll'
TpTrace Verbose: 0 : 10504, 1, 2023/02/09, 18:46:18.269, 8620019675, vstest.console.dll, MetadataReaderExtensionsHelper: Discovering extensions inside assembly 'Microsoft.VisualStudio.TestPlatform.Extensions.Trx.TestLogger, Version=15.0.0.0, Culture=neutral, PublicKeyToken=b03f5f7f11d50a3a' file path 'C:\Program Files\dotnet\sdk\7.0.102\Extensions\Microsoft.VisualStudio.TestPlatform.Extensions.Trx.TestLogger.dll'
TpTrace Information: 0 : 10504, 1, 2023/02/09, 18:46:18.270, 8620032026, vstest.console.dll, GetTestExtensionFromType: Register extension with identifier data 'logger://Microsoft/TestPlatform/TrxLogger/v1' and type 'Microsoft.VisualStudio.TestPlatform.Extensions.TrxLogger.TrxLogger, Microsoft.VisualStudio.TestPlatform.Extensions.Trx.TestLogger, Version=15.0.0.0, Culture=neutral, PublicKeyToken=b03f5f7f11d50a3a' inside file 'C:\Program Files\dotnet\sdk\7.0.102\Extensions\Microsoft.VisualStudio.TestPlatform.Extensions.Trx.TestLogger.dll'
TpTrace Verbose: 0 : 10504, 1, 2023/02/09, 18:46:18.271, 8620033382, vstest.console.dll, TestPluginCache: Discovered the extensions using extension path ''.
TpTrace Verbose: 0 : 10504, 1, 2023/02/09, 18:46:18.271, 8620033719, vstest.console.dll, TestPluginCache: Discoverers are ''.
TpTrace Verbose: 0 : 10504, 1, 2023/02/09, 18:46:18.271, 8620033999, vstest.console.dll, TestPluginCache: Executors are ''.
TpTrace Verbose: 0 : 10504, 1, 2023/02/09, 18:46:18.271, 8620034196, vstest.console.dll, TestPluginCache: Executors2 are ''.
TpTrace Verbose: 0 : 10504, 1, 2023/02/09, 18:46:18.271, 8620034381, vstest.console.dll, TestPluginCache: Setting providers are ''.
TpTrace Verbose: 0 : 10504, 1, 2023/02/09, 18:46:18.271, 8620035094, vstest.console.dll, TestPluginCache: Loggers are 'logger://Microsoft/TestPlatform/Extensions/Blame/v1,logger://Microsoft/TestPlatform/HtmlLogger/v1,logger://Microsoft/TestPlatform/TrxLogger/v1'.
TpTrace Verbose: 0 : 10504, 1, 2023/02/09, 18:46:18.271, 8620035552, vstest.console.dll, TestPluginCache: TestHosts are 'HostProvider://DefaultTestHost,HostProvider://DotnetTestHost'.
TpTrace Verbose: 0 : 10504, 1, 2023/02/09, 18:46:18.271, 8620035789, vstest.console.dll, TestPluginCache: DataCollectors are ''.
TpTrace Information: 0 : 10504, 1, 2023/02/09, 18:46:18.275, 8620076366, vstest.console.dll, TestPluginManager.CreateTestExtension: Attempting to load test extension: Microsoft.TestPlatform.Extensions.BlameDataCollector.BlameLogger
TpTrace Verbose: 0 : 10504, 1, 2023/02/09, 18:46:18.286, 8620189263, vstest.console.dll, TestEngine: Initializing Parallel Execution as MaxCpuCount is set to: 1
TpTrace Information: 0 : 10504, 1, 2023/02/09, 18:46:18.288, 8620208177, vstest.console.dll, TestPluginManager.CreateTestExtension: Attempting to load test extension: Microsoft.VisualStudio.TestPlatform.CrossPlatEngine.Hosting.DefaultTestHostManager
TpTrace Information: 0 : 10504, 1, 2023/02/09, 18:46:18.290, 8620231762, vstest.console.dll, TestPluginManager.CreateTestExtension: Attempting to load test extension: Microsoft.VisualStudio.TestPlatform.CrossPlatEngine.Hosting.DotnetTestHostManager
TpTrace Information: 0 : 10504, 1, 2023/02/09, 18:46:18.291, 8620241159, vstest.console.dll, InferRunSettingsHelper.IsTestSettingsEnabled: Unable to navigate to RunSettings/MSTest. Current node: RunSettings
TpTrace Verbose: 0 : 10504, 1, 2023/02/09, 18:46:18.296, 8620282682, vstest.console.dll, TestEngine.GetExecutionManager: Chosen execution manager 'Microsoft.VisualStudio.TestPlatform.CrossPlatEngine.Client.Parallel.ParallelProxyExecutionManager, Microsoft.TestPlatform.CrossPlatEngine, Version=15.0.0.0, Culture=neutral, PublicKeyToken=b03f5f7f11d50a3a' ParallelLevel '1'.
TpTrace Verbose: 0 : 10504, 1, 2023/02/09, 18:46:18.296, 8620284561, vstest.console.dll, TestRunRequest.ExecuteAsync: Creating test run request.
TpTrace Verbose: 0 : 10504, 1, 2023/02/09, 18:46:18.296, 8620286735, vstest.console.dll, TestRunRequest.ExecuteAsync: Starting.
TpTrace Information: 0 : 10504, 1, 2023/02/09, 18:46:18.296, 8620289285, vstest.console.dll, TestRunRequest.ExecuteAsync: Starting run with settings:TestRunCriteria:
   KeepAlive=False,FrequencyOfRunStatsChangeEvent=10,RunStatsChangeEventTimeout=00:00:01.5000000,TestCaseFilter=,TestExecutorLauncher=
   Settingsxml=<RunSettings>
  <RunConfiguration>
    <ResultsDirectory>C:\Users\vinodh\Downloads\ECommerce-20230123T103436Z-001\ECommerce\ECommerce\NUnit Testing\bin\Debug\net7.0\fine-code-coverage\coverage-tool-output</ResultsDirectory>
    <TargetPlatform>X64</TargetPlatform>
    <TargetFrameworkVersion>.NETCoreApp,Version=v7.0</TargetFrameworkVersion>
    <DesignMode>False</DesignMode>
    <CollectSourceInformation>False</CollectSourceInformation>
  </RunConfiguration>
  <LoggerRunSettings>
    <Loggers>
      <Logger friendlyName="blame" enabled="True" />
      <Logger friendlyName="Console" uri="logger://microsoft/TestPlatform/ConsoleLogger/v1" assemblyQualifiedName="Microsoft.VisualStudio.TestPlatform.CommandLine.Internal.ConsoleLogger, vstest.console, Version=15.0.0.0, Culture=neutral, PublicKeyToken=b03f5f7f11d50a3a" codeBase="C:\Program Files\dotnet\sdk\7.0.102\vstest.console.dll" enabled="True" />
    </Loggers>
  </LoggerRunSettings>
  <DataCollectionRunSettings>
    <DataCollectors>
      <DataCollector friendlyName="blame" enabled="True">
        <Configuration>
          <ResultsDirectory>C:\Users\vinodh\Downloads\ECommerce-20230123T103436Z-001\ECommerce\ECommerce\NUnit Testing\bin\Debug\net7.0\fine-code-coverage\coverage-tool-output</ResultsDirectory>
        </Configuration>
      </DataCollector>
    </DataCollectors>
  </DataCollectionRunSettings>
</RunSettings>

TpTrace Verbose: 0 : 10504, 1, 2023/02/09, 18:46:18.296, 8620289795, vstest.console.dll, TestRunRequest.ExecuteAsync: Wait for the first run request is over.
TpTrace Verbose: 0 : 10504, 1, 2023/02/09, 18:46:18.297, 8620292623, vstest.console.dll, MulticastDelegateUtilities.SafeInvoke: TestRun.TestRunStart: Invoking callbacks was skipped because there are no subscribers.
TpTrace Verbose: 0 : 10504, 4, 2023/02/09, 18:46:18.297, 8620298162, vstest.console.dll, MulticastDelegateUtilities.SafeInvoke: InternalTestLoggerEvents.SendTestRunStart: Invoking callback 1/1 for Microsoft.VisualStudio.TestPlatform.CommandLine.Internal.ConsoleLogger., took 0 ms.
TpTrace Verbose: 0 : 10504, 1, 2023/02/09, 18:46:18.298, 8620305108, vstest.console.dll, ParallelProxyExecutionManager: Start execution. Total sources: 1
TpTrace Verbose: 0 : 10504, 1, 2023/02/09, 18:46:18.299, 8620320422, vstest.console.dll, TestRequestSender is acting as server.
TpTrace Verbose: 0 : 10504, 1, 2023/02/09, 18:46:18.301, 8620334908, vstest.console.dll, DataCollectionRequestSender.InitializeCommunication : Initialize communication. 
TpTrace Information: 0 : 10504, 1, 2023/02/09, 18:46:18.307, 8620397017, vstest.console.dll, Listening on Endpoint : 127.0.0.1:64626
TpTrace Verbose: 0 : 10504, 1, 2023/02/09, 18:46:18.317, 8620502351, vstest.console.dll, DotnetDataCollectionLauncher: Adding  --runtimeconfig "C:\Program Files\dotnet\sdk\7.0.102\datacollector.runtimeconfig.json" in args
TpTrace Verbose: 0 : 10504, 1, 2023/02/09, 18:46:18.318, 8620504536, vstest.console.dll, DotnetDataCollectionLauncher: Adding  --depsfile "C:\Program Files\dotnet\sdk\7.0.102\datacollector.deps.json" in args
TpTrace Verbose: 0 : 10504, 1, 2023/02/09, 18:46:18.318, 8620507063, vstest.console.dll, DotnetDataCollectionLauncher: Full path of dotnet.exe is C:\Program Files\dotnet\dotnet.exe
TpTrace Information: 0 : 10504, 1, 2023/02/09, 18:46:18.327, 8620600459, vstest.console.dll, ProxyDataCollectionManager.Initialize: Launched datacollector processId: 8960 port: 64626
TpTrace Information: 0 : 10504, 1, 2023/02/09, 18:46:18.328, 8620602860, vstest.console.dll, ProxyDataCollectionManager.Initialize: waiting for connection with timeout: 90 seconds
TpTrace Verbose: 0 : 10504, 1, 2023/02/09, 18:46:18.328, 8620603926, vstest.console.dll, DataCollectionRequestSender.WaitForRequestHandlerConnection : Waiting for connection with timeout: 90000
TpTrace Information: 0 : 10504, 7, 2023/02/09, 18:46:18.553, 8622858325, vstest.console.dll, Using the buffer size of 16384 bytes
TpTrace Verbose: 0 : 10504, 1, 2023/02/09, 18:46:18.553, 8622859191, vstest.console.dll, SocketCommunicationManager.WaitForClientConnection took: 225 ms, with 90000 ms timeout, and finished with True.
TpTrace Information: 0 : 10504, 7, 2023/02/09, 18:46:18.554, 8622862546, vstest.console.dll, Accepted Client request and set the flag
TpTrace Verbose: 0 : 10504, 1, 2023/02/09, 18:46:18.554, 8622865600, vstest.console.dll, ProxyDataCollectionManager.InvokeDataCollectionServiceAction: Starting.
TpTrace Information: 0 : 10504, 1, 2023/02/09, 18:46:18.554, 8622867084, vstest.console.dll, ProxyDataCollectionManager.BeforeTestRunStart: Get environment variable and port for datacollector processId: 8960 port: 64626
TpTrace Verbose: 0 : 10504, 1, 2023/02/09, 18:46:18.554, 8622869207, vstest.console.dll, DataCollectionRequestSender.SendBeforeTestRunStartAndGetResult: Send BeforeTestRunStart message with settingsXml <RunSettings><RunConfiguration><ResultsDirectory>C:\Users\vinodh\Downloads\ECommerce-20230123T103436Z-001\ECommerce\ECommerce\NUnit Testing\bin\Debug\net7.0\fine-code-coverage\coverage-tool-output</ResultsDirectory><TargetPlatform>X64</TargetPlatform><TargetFrameworkVersion>.NETCoreApp,Version=v7.0</TargetFrameworkVersion><DesignMode>False</DesignMode><CollectSourceInformation>False</CollectSourceInformation><TestAdaptersPaths>C:\Program Files\dotnet\sdk\7.0.102\Extensions</TestAdaptersPaths></RunConfiguration><LoggerRunSettings><Loggers><Logger friendlyName="blame" enabled="True" /><Logger friendlyName="Console" uri="logger://microsoft/TestPlatform/ConsoleLogger/v1" assemblyQualifiedName="Microsoft.VisualStudio.TestPlatform.CommandLine.Internal.ConsoleLogger, vstest.console, Version=15.0.0.0, Culture=neutral, PublicKeyToken=b03f5f7f11d50a3a" codeBase="C:\Program Files\dotnet\sdk\7.0.102\vstest.console.dll" enabled="True" /></Loggers></LoggerRunSettings><DataCollectionRunSettings><DataCollectors><DataCollector friendlyName="blame" enabled="True"><Configuration><ResultsDirectory>C:\Users\vinodh\Downloads\ECommerce-20230123T103436Z-001\ECommerce\ECommerce\NUnit Testing\bin\Debug\net7.0\fine-code-coverage\coverage-tool-output</ResultsDirectory></Configuration></DataCollector></DataCollectors></DataCollectionRunSettings></RunSettings> and sources System.Collections.Generic.List`1[System.String]: 
TpTrace Verbose: 0 : 10504, 1, 2023/02/09, 18:46:18.677, 8624093795, vstest.console.dll, DataCollectionRequestSender.SendBeforeTestRunStartAndGetResult: Received message: (DataCollection.SendMessage) -> {"MessageType":"DataCollection.SendMessage","Payload":{"FriendlyName":null,"Uri":null,"TestCaseId":"00000000-0000-0000-0000-000000000000","Message":"Logging DataCollector Diagnostics in file: C:\\Users\\vinodh\\Downloads\\ECommerce-20230123T103436Z-001\\ECommerce\\ECommerce\\NUnit Testing\\bin\\Debug\\net7.0\\fine-code-coverage\\coverage-tool-output\\diagnostics.datacollector.23-02-09_18-46-18_31759_1.log","Level":0}}
TpTrace Verbose: 0 : 10504, 1, 2023/02/09, 18:46:18.788, 8625202666, vstest.console.dll, DataCollectionRequestSender.SendBeforeTestRunStartAndGetResult: Received message: (DataCollection.BeforeTestRunStartResult) -> {"MessageType":"DataCollection.BeforeTestRunStartResult","Payload":{"EnvironmentVariables":{},"DataCollectionEventsPort":64628}}
TpTrace Information: 0 : 10504, 1, 2023/02/09, 18:46:18.795, 8625278453, vstest.console.dll, ProxyDataCollectionManager.BeforeTestRunStart: SendBeforeTestRunStartAndGetResult successful, env variable from datacollector:   and testhost port: 64628
TpTrace Information: 0 : 10504, 1, 2023/02/09, 18:46:18.795, 8625279981, vstest.console.dll, ProxyDataCollectionManager.InvokeDataCollectionServiceAction: Completed.
TpTrace Verbose: 0 : 10504, 1, 2023/02/09, 18:46:18.795, 8625281921, vstest.console.dll, ProxyParallelExecutionManager: No sources available for execution.
TpTrace Verbose: 0 : 10504, 7, 2023/02/09, 18:46:18.795, 8625282210, vstest.console.dll, ParallelProxyExecutionManager: Execution started. Started clients: 1
TpTrace Information: 0 : 10504, 1, 2023/02/09, 18:46:18.796, 8625282753, vstest.console.dll, TestRunRequest.ExecuteAsync: Started.
TpTrace Verbose: 0 : 10504, 1, 2023/02/09, 18:46:18.796, 8625284307, vstest.console.dll, TestRunRequest.WaitForCompletion: Waiting with timeout -1.
TpTrace Verbose: 0 : 10504, 7, 2023/02/09, 18:46:18.796, 8625285674, vstest.console.dll, TestRunRequest:SendTestRunMessage: Starting.
TpTrace Verbose: 0 : 10504, 7, 2023/02/09, 18:46:18.796, 8625287447, vstest.console.dll, MulticastDelegateUtilities.SafeInvoke: TestRun.LogMessages: Invoking callback 1/1 for Microsoft.VisualStudio.TestPlatform.CommandLine.TestRunResultAggregator., took 0 ms.
TpTrace Information: 0 : 10504, 7, 2023/02/09, 18:46:18.796, 8625287924, vstest.console.dll, TestRunRequest:SendTestRunMessage: Completed.
TpTrace Verbose: 0 : 10504, 7, 2023/02/09, 18:46:18.796, 8625289685, vstest.console.dll, ProxyExecutionManager: Test host is always Lazy initialize.
TpTrace Verbose: 0 : 10504, 4, 2023/02/09, 18:46:18.796, 8625290171, vstest.console.dll, MulticastDelegateUtilities.SafeInvoke: InternalTestLoggerEvents.SendTestRunMessage: Invoking callback 1/1 for Microsoft.VisualStudio.TestPlatform.CommandLine.Internal.ConsoleLogger., took 0 ms.
TpTrace Verbose: 0 : 10504, 7, 2023/02/09, 18:46:18.797, 8625292850, vstest.console.dll, TestRequestSender.InitializeCommunication: initialize communication. 
TpTrace Information: 0 : 10504, 7, 2023/02/09, 18:46:18.797, 8625302033, vstest.console.dll, SocketServer.Start: Listening on endpoint : 127.0.0.1:64629
TpTrace Verbose: 0 : 10504, 7, 2023/02/09, 18:46:18.799, 8625313582, vstest.console.dll, DotnetTestHostmanager.GetTestHostProcessStartInfo: Platform environment 'X64' target architecture 'X64' framework '.NETCoreApp,Version=v7.0' OS 'Windows'
TpTrace Verbose: 0 : 10504, 7, 2023/02/09, 18:46:18.799, 8625316391, vstest.console.dll, DotnetTestHostmanager: Adding  --runtimeconfig "C:\Users\vinodh\Downloads\ECommerce-20230123T103436Z-001\ECommerce\ECommerce\NUnit Testing\bin\Debug\net7.0\fine-code-coverage\build-output\NUnit Testing.runtimeconfig.json" in args
TpTrace Verbose: 0 : 10504, 7, 2023/02/09, 18:46:18.799, 8625317568, vstest.console.dll, DotnetTestHostmanager: Adding  --depsfile "C:\Users\vinodh\Downloads\ECommerce-20230123T103436Z-001\ECommerce\ECommerce\NUnit Testing\bin\Debug\net7.0\fine-code-coverage\build-output\NUnit Testing.deps.json" in args
TpTrace Verbose: 0 : 10504, 7, 2023/02/09, 18:46:18.799, 8625319905, vstest.console.dll, DotnetTestHostmanager.IsWinOnArm: Current PROCESSOR_ARCHITECTURE from environment variable 'AMD64'
TpTrace Verbose: 0 : 10504, 7, 2023/02/09, 18:46:18.799, 8625320559, vstest.console.dll, DotnetTestHostmanager.IsWinOnArm: Is Windows on ARM 'False'
TpTrace Verbose: 0 : 10504, 7, 2023/02/09, 18:46:18.799, 8625321544, vstest.console.dll, DotnetTestHostManager: testhost.exe found at path: C:\Users\vinodh\Downloads\ECommerce-20230123T103436Z-001\ECommerce\ECommerce\NUnit Testing\bin\Debug\net7.0\fine-code-coverage\build-output\testhost.exe
TpTrace Verbose: 0 : 10504, 7, 2023/02/09, 18:46:18.799, 8625321985, vstest.console.dll, DotnetTestHostmanager: Full path of host exe is C:\Users\vinodh\Downloads\ECommerce-20230123T103436Z-001\ECommerce\ECommerce\NUnit Testing\bin\Debug\net7.0\fine-code-coverage\build-output\testhost.exe
TpTrace Verbose: 0 : 10504, 7, 2023/02/09, 18:46:18.800, 8625323199, vstest.console.dll, DotnetTestHostmanager.LaunchTestHostAsync: Found 'VSTEST_WINAPPHOST_DOTNET_ROOT' in env variables, value 'C:\Program Files\dotnet', forwarding to 'DOTNET_ROOT'
TpTrace Verbose: 0 : 10504, 7, 2023/02/09, 18:46:18.800, 8625324906, vstest.console.dll, DotnetTestHostManager: Starting process 'C:\Users\vinodh\Downloads\ECommerce-20230123T103436Z-001\ECommerce\ECommerce\NUnit Testing\bin\Debug\net7.0\fine-code-coverage\build-output\testhost.exe' with command line ' --runtimeconfig "C:\Users\vinodh\Downloads\ECommerce-20230123T103436Z-001\ECommerce\ECommerce\NUnit Testing\bin\Debug\net7.0\fine-code-coverage\build-output\NUnit Testing.runtimeconfig.json" --depsfile "C:\Users\vinodh\Downloads\ECommerce-20230123T103436Z-001\ECommerce\ECommerce\NUnit Testing\bin\Debug\net7.0\fine-code-coverage\build-output\NUnit Testing.deps.json" --port 64629 --endpoint 127.0.0.1:064629 --role client --parentprocessid 10504 --diag "C:\Users\vinodh\Downloads\ECommerce-20230123T103436Z-001\ECommerce\ECommerce\NUnit Testing\bin\Debug\net7.0\fine-code-coverage\coverage-tool-output\diagnostics.host.23-02-09_18-46-18_79870_7.log" --tracelevel 4 --datacollectionport 64628 --telemetryoptedin false'
TpTrace Verbose: 0 : 10504, 7, 2023/02/09, 18:46:18.807, 8625395194, vstest.console.dll, MulticastDelegateUtilities.SafeInvoke: HostProviderEvents.OnHostLaunched: Invoking callback 1/2 for Microsoft.VisualStudio.TestPlatform.CrossPlatEngine.Client.ProxyExecutionManagerWithDataCollection., took 1 ms.
TpTrace Verbose: 0 : 10504, 7, 2023/02/09, 18:46:18.807, 8625398768, vstest.console.dll, Test Runtime launched
TpTrace Verbose: 0 : 10504, 7, 2023/02/09, 18:46:18.807, 8625399628, vstest.console.dll, MulticastDelegateUtilities.SafeInvoke: HostProviderEvents.OnHostLaunched: Invoking callback 2/2 for Microsoft.VisualStudio.TestPlatform.CrossPlatEngine.Client.ProxyOperationManager., took 0 ms.
TpTrace Verbose: 0 : 10504, 7, 2023/02/09, 18:46:18.807, 8625401213, vstest.console.dll, TestRequestSender.WaitForRequestHandlerConnection: waiting for connection with timeout: 90000.
TpTrace Verbose: 0 : 10504, 11, 2023/02/09, 18:46:19.154, 8628863079, vstest.console.dll, MulticastDelegateUtilities.SafeInvoke: SocketServer: ClientConnected: Invoking callback 1/1 for Microsoft.VisualStudio.TestPlatform.CommunicationUtilities.TestRequestSender., took 0 ms.
TpTrace Verbose: 0 : 10504, 7, 2023/02/09, 18:46:19.154, 8628862961, vstest.console.dll, TestRequestSender.WaitForRequestHandlerConnection: waiting took 346 ms, with timeout 90000 ms, and result 0, which is success.
TpTrace Verbose: 0 : 10504, 11, 2023/02/09, 18:46:19.154, 8628864698, vstest.console.dll, SocketServer.OnClientConnected: Client connected for endPoint: 127.0.0.1:64629, starting MessageLoopAsync:
TpTrace Verbose: 0 : 10504, 11, 2023/02/09, 18:46:19.154, 8628868358, vstest.console.dll, TcpClientExtensions.MessageLoopAsync: Polling on remoteEndPoint: 127.0.0.1:64630 localEndPoint: 127.0.0.1:64629
TpTrace Verbose: 0 : 10504, 7, 2023/02/09, 18:46:19.156, 8628884534, vstest.console.dll, TestRequestSender.CheckVersionWithTestHost: Sending check version message: {"MessageType":"ProtocolVersion","Payload":7}
TpTrace Verbose: 0 : 10504, 11, 2023/02/09, 18:46:19.328, 8630611103, vstest.console.dll, TcpClientExtensions.MessageLoopAsync: NotifyDataAvailable remoteEndPoint: 127.0.0.1:64630 localEndPoint: 127.0.0.1:64629
TpTrace Verbose: 0 : 10504, 11, 2023/02/09, 18:46:19.329, 8630613620, vstest.console.dll, TestRequestSender.CheckVersionWithTestHost: onMessageReceived received message: (ProtocolVersion) -> {"MessageType":"ProtocolVersion","Payload":7}
TpTrace Verbose: 0 : 10504, 11, 2023/02/09, 18:46:19.329, 8630619485, vstest.console.dll, MulticastDelegateUtilities.SafeInvoke: LengthPrefixCommunicationChannel: MessageReceived: Invoking callback 1/1 for Microsoft.VisualStudio.TestPlatform.CommunicationUtilities.TestRequestSender+<>c__DisplayClass26_0., took 0 ms.
TpTrace Verbose: 0 : 10504, 11, 2023/02/09, 18:46:19.329, 8630620331, vstest.console.dll, TcpClientExtensions.MessageLoopAsync: Polling on remoteEndPoint: 127.0.0.1:64630 localEndPoint: 127.0.0.1:64629
TpTrace Verbose: 0 : 10504, 7, 2023/02/09, 18:46:19.329, 8630621205, vstest.console.dll, TestPluginCache.GetExtensionPaths: Filtered extension paths: 
TpTrace Verbose: 0 : 10504, 7, 2023/02/09, 18:46:19.329, 8630621931, vstest.console.dll, TestPluginCache.GetExtensionPaths: Added default extension paths: C:\Program Files\dotnet\sdk\7.0.102\Extensions\Microsoft.Diagnostics.NETCore.Client.dll
C:\Program Files\dotnet\sdk\7.0.102\Extensions\Microsoft.TestPlatform.Extensions.BlameDataCollector.dll
C:\Program Files\dotnet\sdk\7.0.102\Extensions\Microsoft.TestPlatform.Extensions.EventLogCollector.dll
C:\Program Files\dotnet\sdk\7.0.102\Extensions\Microsoft.TestPlatform.TestHostRuntimeProvider.dll
C:\Program Files\dotnet\sdk\7.0.102\Extensions\Microsoft.VisualStudio.TestPlatform.Extensions.Html.TestLogger.dll
C:\Program Files\dotnet\sdk\7.0.102\Extensions\Microsoft.VisualStudio.TestPlatform.Extensions.Trx.TestLogger.dll
TpTrace Verbose: 0 : 10504, 7, 2023/02/09, 18:46:19.329, 8630622224, vstest.console.dll, TestPluginCache.GetExtensionPaths: Added unfilterableExtensionPaths: 
TpTrace Verbose: 0 : 10504, 7, 2023/02/09, 18:46:19.334, 8630666906, vstest.console.dll, TestRequestSender.InitializeExecution: Sending initialize execution with message: {"Version":7,"MessageType":"TestExecution.Initialize","Payload":["C:\\Users\\vinodh\\Downloads\\ECommerce-20230123T103436Z-001\\ECommerce\\ECommerce\\NUnit Testing\\bin\\Debug\\net7.0\\fine-code-coverage\\build-output\\NUnit3.TestAdapter.dll"]}
TpTrace Warning: 0 : 10504, 7, 2023/02/09, 18:46:19.334, 8630672090, vstest.console.dll, InferRunSettingsHelper.MakeRunsettingsCompatible: Removing the following settings: TargetPlatform from RunSettings file. To use those settings please move to latest version of Microsoft.NET.Test.Sdk
TpTrace Verbose: 0 : 10504, 11, 2023/02/09, 18:46:19.335, 8630679553, vstest.console.dll, TcpClientExtensions.MessageLoopAsync: NotifyDataAvailable remoteEndPoint: 127.0.0.1:64630 localEndPoint: 127.0.0.1:64629
TpTrace Verbose: 0 : 10504, 11, 2023/02/09, 18:46:19.336, 8630683043, vstest.console.dll, TestRequestSender.OnExecutionMessageReceived: Received message: {"Version":7,"MessageType":"TestSession.Message","Payload":{"MessageLevel":0,"Message":"Logging TestHost Diagnostics in file: C:\\Users\\vinodh\\Downloads\\ECommerce-20230123T103436Z-001\\ECommerce\\ECommerce\\NUnit Testing\\bin\\Debug\\net7.0\\fine-code-coverage\\coverage-tool-output\\diagnostics.host.23-02-09_18-46-18_79870_7.log"}}
TpTrace Verbose: 0 : 10504, 11, 2023/02/09, 18:46:19.338, 8630706210, vstest.console.dll, TestRunRequest:SendTestRunMessage: Starting.
TpTrace Verbose: 0 : 10504, 11, 2023/02/09, 18:46:19.338, 8630708308, vstest.console.dll, MulticastDelegateUtilities.SafeInvoke: TestRun.LogMessages: Invoking callback 1/1 for Microsoft.VisualStudio.TestPlatform.CommandLine.TestRunResultAggregator., took 0 ms.
TpTrace Information: 0 : 10504, 11, 2023/02/09, 18:46:19.338, 8630708777, vstest.console.dll, TestRunRequest:SendTestRunMessage: Completed.
TpTrace Verbose: 0 : 10504, 4, 2023/02/09, 18:46:19.338, 8630708693, vstest.console.dll, MulticastDelegateUtilities.SafeInvoke: InternalTestLoggerEvents.SendTestRunMessage: Invoking callback 1/1 for Microsoft.VisualStudio.TestPlatform.CommandLine.Internal.ConsoleLogger., took 0 ms.
TpTrace Verbose: 0 : 10504, 11, 2023/02/09, 18:46:19.338, 8630709135, vstest.console.dll, MulticastDelegateUtilities.SafeInvoke: LengthPrefixCommunicationChannel: MessageReceived: Invoking callback 1/1 for Microsoft.VisualStudio.TestPlatform.CommunicationUtilities.TestRequestSender+<>c__DisplayClass31_0., took 2 ms.
TpTrace Verbose: 0 : 10504, 11, 2023/02/09, 18:46:19.338, 8630711666, vstest.console.dll, TcpClientExtensions.MessageLoopAsync: Polling on remoteEndPoint: 127.0.0.1:64630 localEndPoint: 127.0.0.1:64629
TpTrace Verbose: 0 : 10504, 7, 2023/02/09, 18:46:19.343, 8630758440, vstest.console.dll, TestRequestSender.StartTestRun: Sending test run with message: {"Version":7,"MessageType":"TestExecution.StartWithSources","Payload":{"AdapterSourceMap":{"_none_":["C:\\Users\\vinodh\\Downloads\\ECommerce-20230123T103436Z-001\\ECommerce\\ECommerce\\NUnit Testing\\bin\\Debug\\net7.0\\fine-code-coverage\\build-output\\NUnit Testing.dll"]},"RunSettings":"<RunSettings>\r\n  <RunConfiguration>\r\n    <ResultsDirectory>C:\\Users\\vinodh\\Downloads\\ECommerce-20230123T103436Z-001\\ECommerce\\ECommerce\\NUnit Testing\\bin\\Debug\\net7.0\\fine-code-coverage\\coverage-tool-output</ResultsDirectory>\r\n    <TargetFrameworkVersion>.NETCoreApp,Version=v7.0</TargetFrameworkVersion>\r\n    <DesignMode>False</DesignMode>\r\n    <CollectSourceInformation>False</CollectSourceInformation>\r\n  </RunConfiguration>\r\n  <LoggerRunSettings>\r\n    <Loggers>\r\n      <Logger friendlyName=\"blame\" enabled=\"True\" />\r\n      <Logger friendlyName=\"Console\" uri=\"logger://microsoft/TestPlatform/ConsoleLogger/v1\" assemblyQualifiedName=\"Microsoft.VisualStudio.TestPlatform.CommandLine.Internal.ConsoleLogger, vstest.console, Version=15.0.0.0, Culture=neutral, PublicKeyToken=b03f5f7f11d50a3a\" codeBase=\"C:\\Program Files\\dotnet\\sdk\\7.0.102\\vstest.console.dll\" enabled=\"True\" />\r\n    </Loggers>\r\n  </LoggerRunSettings>\r\n  <DataCollectionRunSettings>\r\n    <DataCollectors>\r\n      <DataCollector friendlyName=\"blame\" enabled=\"True\">\r\n        <Configuration>\r\n          <ResultsDirectory>C:\\Users\\vinodh\\Downloads\\ECommerce-20230123T103436Z-001\\ECommerce\\ECommerce\\NUnit Testing\\bin\\Debug\\net7.0\\fine-code-coverage\\coverage-tool-output</ResultsDirectory>\r\n        </Configuration>\r\n      </DataCollector>\r\n    </DataCollectors>\r\n  </DataCollectionRunSettings>\r\n</RunSettings>","TestExecutionContext":{"FrequencyOfRunStatsChangeEvent":10,"RunStatsChangeEventTimeout":"00:00:01.5000000","InIsolation":false,"KeepAlive":false,"AreTestCaseLevelEventsRequired":false,"IsDebug":false,"TestCaseFilter":null,"FilterOptions":null},"Package":null}}
TpTrace Verbose: 0 : 10504, 11, 2023/02/09, 18:46:19.522, 8632544320, vstest.console.dll, TcpClientExtensions.MessageLoopAsync: NotifyDataAvailable remoteEndPoint: 127.0.0.1:64630 localEndPoint: 127.0.0.1:64629
TpTrace Verbose: 0 : 10504, 11, 2023/02/09, 18:46:19.522, 8632547837, vstest.console.dll, TestRequestSender.OnExecutionMessageReceived: Received message: {"Version":7,"MessageType":"TestSession.Message","Payload":{"MessageLevel":0,"Message":"NUnit Adapter 4.2.0.0: Test execution started"}}
TpTrace Verbose: 0 : 10504, 11, 2023/02/09, 18:46:19.523, 8632553057, vstest.console.dll, TestRunRequest:SendTestRunMessage: Starting.
TpTrace Verbose: 0 : 10504, 11, 2023/02/09, 18:46:19.523, 8632555393, vstest.console.dll, MulticastDelegateUtilities.SafeInvoke: TestRun.LogMessages: Invoking callback 1/1 for Microsoft.VisualStudio.TestPlatform.CommandLine.TestRunResultAggregator., took 0 ms.
TpTrace Verbose: 0 : 10504, 4, 2023/02/09, 18:46:19.523, 8632556298, vstest.console.dll, MulticastDelegateUtilities.SafeInvoke: InternalTestLoggerEvents.SendTestRunMessage: Invoking callback 1/1 for Microsoft.VisualStudio.TestPlatform.CommandLine.Internal.ConsoleLogger., took 0 ms.
TpTrace Information: 0 : 10504, 11, 2023/02/09, 18:46:19.523, 8632556487, vstest.console.dll, TestRunRequest:SendTestRunMessage: Completed.
TpTrace Verbose: 0 : 10504, 11, 2023/02/09, 18:46:19.523, 8632559088, vstest.console.dll, MulticastDelegateUtilities.SafeInvoke: LengthPrefixCommunicationChannel: MessageReceived: Invoking callback 1/1 for Microsoft.VisualStudio.TestPlatform.CommunicationUtilities.TestRequestSender+<>c__DisplayClass31_0., took 1 ms.
TpTrace Verbose: 0 : 10504, 11, 2023/02/09, 18:46:19.523, 8632559738, vstest.console.dll, TcpClientExtensions.MessageLoopAsync: Polling on remoteEndPoint: 127.0.0.1:64630 localEndPoint: 127.0.0.1:64629
TpTrace Verbose: 0 : 10504, 11, 2023/02/09, 18:46:19.559, 8632915693, vstest.console.dll, TcpClientExtensions.MessageLoopAsync: NotifyDataAvailable remoteEndPoint: 127.0.0.1:64630 localEndPoint: 127.0.0.1:64629
TpTrace Verbose: 0 : 10504, 11, 2023/02/09, 18:46:19.559, 8632917480, vstest.console.dll, TestRequestSender.OnExecutionMessageReceived: Received message: {"Version":7,"MessageType":"TestSession.Message","Payload":{"MessageLevel":0,"Message":"Running all tests in C:\\Users\\vinodh\\Downloads\\ECommerce-20230123T103436Z-001\\ECommerce\\ECommerce\\NUnit Testing\\bin\\Debug\\net7.0\\fine-code-coverage\\build-output\\NUnit Testing.dll"}}
TpTrace Verbose: 0 : 10504, 11, 2023/02/09, 18:46:19.559, 8632918906, vstest.console.dll, TestRunRequest:SendTestRunMessage: Starting.
TpTrace Verbose: 0 : 10504, 11, 2023/02/09, 18:46:19.559, 8632919753, vstest.console.dll, MulticastDelegateUtilities.SafeInvoke: TestRun.LogMessages: Invoking callback 1/1 for Microsoft.VisualStudio.TestPlatform.CommandLine.TestRunResultAggregator., took 0 ms.
TpTrace Information: 0 : 10504, 11, 2023/02/09, 18:46:19.559, 8632920244, vstest.console.dll, TestRunRequest:SendTestRunMessage: Completed.
TpTrace Verbose: 0 : 10504, 11, 2023/02/09, 18:46:19.559, 8632920586, vstest.console.dll, MulticastDelegateUtilities.SafeInvoke: LengthPrefixCommunicationChannel: MessageReceived: Invoking callback 1/1 for Microsoft.VisualStudio.TestPlatform.CommunicationUtilities.TestRequestSender+<>c__DisplayClass31_0., took 0 ms.
TpTrace Verbose: 0 : 10504, 4, 2023/02/09, 18:46:19.559, 8632920763, vstest.console.dll, MulticastDelegateUtilities.SafeInvoke: InternalTestLoggerEvents.SendTestRunMessage: Invoking callback 1/1 for Microsoft.VisualStudio.TestPlatform.CommandLine.Internal.ConsoleLogger., took 0 ms.
TpTrace Verbose: 0 : 10504, 11, 2023/02/09, 18:46:19.559, 8632920929, vstest.console.dll, TcpClientExtensions.MessageLoopAsync: Polling on remoteEndPoint: 127.0.0.1:64630 localEndPoint: 127.0.0.1:64629
TpTrace Verbose: 0 : 10504, 11, 2023/02/09, 18:46:19.728, 8634610403, vstest.console.dll, TcpClientExtensions.MessageLoopAsync: NotifyDataAvailable remoteEndPoint: 127.0.0.1:64630 localEndPoint: 127.0.0.1:64629
TpTrace Verbose: 0 : 10504, 11, 2023/02/09, 18:46:19.728, 8634611948, vstest.console.dll, TestRequestSender.OnExecutionMessageReceived: Received message: {"Version":7,"MessageType":"TestSession.Message","Payload":{"MessageLevel":0,"Message":"   NUnit3TestExecutor discovered 3 of 3 NUnit test cases using Current Discovery mode, Non-Explicit run"}}
TpTrace Verbose: 0 : 10504, 11, 2023/02/09, 18:46:19.729, 8634613119, vstest.console.dll, TestRunRequest:SendTestRunMessage: Starting.
TpTrace Verbose: 0 : 10504, 11, 2023/02/09, 18:46:19.729, 8634613732, vstest.console.dll, MulticastDelegateUtilities.SafeInvoke: TestRun.LogMessages: Invoking callback 1/1 for Microsoft.VisualStudio.TestPlatform.CommandLine.TestRunResultAggregator., took 0 ms.
TpTrace Information: 0 : 10504, 11, 2023/02/09, 18:46:19.729, 8634614297, vstest.console.dll, TestRunRequest:SendTestRunMessage: Completed.
TpTrace Verbose: 0 : 10504, 11, 2023/02/09, 18:46:19.729, 8634614565, vstest.console.dll, MulticastDelegateUtilities.SafeInvoke: LengthPrefixCommunicationChannel: MessageReceived: Invoking callback 1/1 for Microsoft.VisualStudio.TestPlatform.CommunicationUtilities.TestRequestSender+<>c__DisplayClass31_0., took 0 ms.
TpTrace Verbose: 0 : 10504, 11, 2023/02/09, 18:46:19.729, 8634614859, vstest.console.dll, TcpClientExtensions.MessageLoopAsync: Polling on remoteEndPoint: 127.0.0.1:64630 localEndPoint: 127.0.0.1:64629
TpTrace Verbose: 0 : 10504, 4, 2023/02/09, 18:46:19.729, 8634615030, vstest.console.dll, MulticastDelegateUtilities.SafeInvoke: InternalTestLoggerEvents.SendTestRunMessage: Invoking callback 1/1 for Microsoft.VisualStudio.TestPlatform.CommandLine.Internal.ConsoleLogger., took 0 ms.
TpTrace Verbose: 0 : 10504, 11, 2023/02/09, 18:46:20.140, 8638725431, vstest.console.dll, TcpClientExtensions.MessageLoopAsync: NotifyDataAvailable remoteEndPoint: 127.0.0.1:64630 localEndPoint: 127.0.0.1:64629
TpTrace Verbose: 0 : 10504, 11, 2023/02/09, 18:46:20.140, 8638727336, vstest.console.dll, TestRequestSender.OnExecutionMessageReceived: Received message: {"Version":7,"MessageType":"TestSession.Message","Payload":{"MessageLevel":0,"Message":"NUnit Adapter 4.2.0.0: Test execution complete"}}
TpTrace Verbose: 0 : 10504, 11, 2023/02/09, 18:46:20.140, 8638729006, vstest.console.dll, TestRunRequest:SendTestRunMessage: Starting.
TpTrace Verbose: 0 : 10504, 11, 2023/02/09, 18:46:20.140, 8638729939, vstest.console.dll, MulticastDelegateUtilities.SafeInvoke: TestRun.LogMessages: Invoking callback 1/1 for Microsoft.VisualStudio.TestPlatform.CommandLine.TestRunResultAggregator., took 0 ms.
TpTrace Information: 0 : 10504, 11, 2023/02/09, 18:46:20.140, 8638730358, vstest.console.dll, TestRunRequest:SendTestRunMessage: Completed.
TpTrace Verbose: 0 : 10504, 4, 2023/02/09, 18:46:20.140, 8638730352, vstest.console.dll, MulticastDelegateUtilities.SafeInvoke: InternalTestLoggerEvents.SendTestRunMessage: Invoking callback 1/1 for Microsoft.VisualStudio.TestPlatform.CommandLine.Internal.ConsoleLogger., took 0 ms.
TpTrace Verbose: 0 : 10504, 11, 2023/02/09, 18:46:20.140, 8638730735, vstest.console.dll, MulticastDelegateUtilities.SafeInvoke: LengthPrefixCommunicationChannel: MessageReceived: Invoking callback 1/1 for Microsoft.VisualStudio.TestPlatform.CommunicationUtilities.TestRequestSender+<>c__DisplayClass31_0., took 0 ms.
TpTrace Verbose: 0 : 10504, 11, 2023/02/09, 18:46:20.140, 8638732016, vstest.console.dll, TcpClientExtensions.MessageLoopAsync: Polling on remoteEndPoint: 127.0.0.1:64630 localEndPoint: 127.0.0.1:64629
TpTrace Verbose: 0 : 10504, 11, 2023/02/09, 18:46:20.186, 8639182895, vstest.console.dll, TcpClientExtensions.MessageLoopAsync: NotifyDataAvailable remoteEndPoint: 127.0.0.1:64630 localEndPoint: 127.0.0.1:64629
TpTrace Verbose: 0 : 10504, 11, 2023/02/09, 18:46:20.186, 8639184763, vstest.console.dll, TestRequestSender.OnExecutionMessageReceived: Received message: {"Version":7,"MessageType":"TestExecution.Completed","Payload":{"TestRunCompleteArgs":{"TestRunStatistics":{"ExecutedTests":3,"Stats":{"Passed":3}},"IsCanceled":false,"IsAborted":false,"Error":null,"AttachmentSets":[],"InvokedDataCollectors":[],"ElapsedTimeInRunningTests":"00:00:00.6386386","Metrics":{},"DiscoveredExtensions":{"TestDiscoverers":["NUnit.VisualStudio.TestAdapter.NUnit3TestDiscoverer, NUnit3.TestAdapter, Version=4.2.0.0, Culture=neutral, PublicKeyToken=4cb40d35494691ac"],"TestExecutors":["executor://NUnit3TestExecutor"],"TestExecutors2":[],"TestSettingsProviders":[]}},"LastRunTests":{"NewTestResults":[{"TestCase":{"Id":"73842a1e-521b-90cb-24de-21e3070d55c0","FullyQualifiedName":"NUnit_Testing.Tests.GetActiveCartOfUser_ShouldReturnEmptyCartForNonExistentUser","DisplayName":"GetActiveCartOfUser_ShouldReturnEmptyCartForNonExistentUser","ExecutorUri":"executor://NUnit3TestExecutor","Source":"C:\\Users\\vinodh\\Downloads\\ECommerce-20230123T103436Z-001\\ECommerce\\ECommerce\\NUnit Testing\\bin\\Debug\\net7.0\\fine-code-coverage\\build-output\\NUnit Testing.dll","CodeFilePath":null,"LineNumber":0,"Properties":[{"Key":{"Id":"NUnit.Seed","Label":"Seed","Category":"","Description":"","Attributes":0,"ValueType":"System.String"},"Value":"1776514343"}]},"Attachments":[],"Outcome":1,"ErrorMessage":null,"ErrorStackTrace":null,"DisplayName":"GetActiveCartOfUser_ShouldReturnEmptyCartForNonExistentUser","Messages":[],"ComputerName":"LAPTOP-FN225GT7","Duration":"00:00:00.3222149","StartTime":"2023-02-09T13:16:19.7676654+00:00","EndTime":"2023-02-09T13:16:20.0897636+00:00","Properties":[{"Key":{"Id":"NUnit.Seed","Label":"Seed","Category":"","Description":"","Attributes":0,"ValueType":"System.String"},"Value":"1776514343"}]},{"TestCase":{"Id":"a34aa875-841a-e102-baf4-22bd0bb4b1e2","FullyQualifiedName":"NUnit_Testing.Tests.GetAllPreviousCartsOfUser_ShouldReturnAllPreviousCartsOfUser","DisplayName":"GetAllPreviousCartsOfUser_ShouldReturnAllPreviousCartsOfUser","ExecutorUri":"executor://NUnit3TestExecutor","Source":"C:\\Users\\vinodh\\Downloads\\ECommerce-20230123T103436Z-001\\ECommerce\\ECommerce\\NUnit Testing\\bin\\Debug\\net7.0\\fine-code-coverage\\build-output\\NUnit Testing.dll","CodeFilePath":null,"LineNumber":0,"Properties":[{"Key":{"Id":"NUnit.Seed","Label":"Seed","Category":"","Description":"","Attributes":0,"ValueType":"System.String"},"Value":"1893341331"}]},"Attachments":[],"Outcome":1,"ErrorMessage":null,"ErrorStackTrace":null,"DisplayName":"GetAllPreviousCartsOfUser_ShouldReturnAllPreviousCartsOfUser","Messages":[],"ComputerName":"LAPTOP-FN225GT7","Duration":"00:00:00.0148920","StartTime":"2023-02-09T13:16:20.0940244+00:00","EndTime":"2023-02-09T13:16:20.1089171+00:00","Properties":[{"Key":{"Id":"NUnit.Seed","Label":"Seed","Category":"","Description":"","Attributes":0,"ValueType":"System.String"},"Value":"1893341331"}]},{"TestCase":{"Id":"61f76db1-cbd4-3191-4ac8-636cfb82ee3c","FullyQualifiedName":"NUnit_Testing.Tests.GetCart_ShouldReturnCartWithGivenId","DisplayName":"GetCart_ShouldReturnCartWithGivenId","ExecutorUri":"executor://NUnit3TestExecutor","Source":"C:\\Users\\vinodh\\Downloads\\ECommerce-20230123T103436Z-001\\ECommerce\\ECommerce\\NUnit Testing\\bin\\Debug\\net7.0\\fine-code-coverage\\build-output\\NUnit Testing.dll","CodeFilePath":null,"LineNumber":0,"Properties":[{"Key":{"Id":"NUnit.Seed","Label":"Seed","Category":"","Description":"","Attributes":0,"ValueType":"System.String"},"Value":"285592342"}]},"Attachments":[],"Outcome":1,"ErrorMessage":null,"ErrorStackTrace":null,"DisplayName":"GetCart_ShouldReturnCartWithGivenId","Messages":[],"ComputerName":"LAPTOP-FN225GT7","Duration":"00:00:00.0064790","StartTime":"2023-02-09T13:16:20.1089874+00:00","EndTime":"2023-02-09T13:16:20.1154659+00:00","Properties":[{"Key":{"Id":"NUnit.Seed","Label":"Seed","Category":"","Description":"","Attributes":0,"ValueType":"System.String"},"Value":"285592342"}]}],"TestRunStatistics":{"ExecutedTests":3,"Stats":{"Passed":3}},"ActiveTests":[]},"RunAttachments":[],"ExecutorUris":["executor://nunit3testexecutor/"]}}
TpTrace Verbose: 0 : 10504, 11, 2023/02/09, 18:46:20.186, 8639185820, vstest.console.dll, TestRequestSender.EndSession: Sending end session.
TpTrace Verbose: 0 : 10504, 11, 2023/02/09, 18:46:20.186, 8639187519, vstest.console.dll, ProxyOperationManager.Close: waiting for test host to exit for 100 ms
TpTrace Warning: 0 : 10504, 10, 2023/02/09, 18:46:20.239, 8639718190, vstest.console.dll, TestHostManagerCallbacks.ErrorReceivedCallback Test host standard error line: 
TpTrace Verbose: 0 : 10504, 10, 2023/02/09, 18:46:20.250, 8639823983, vstest.console.dll, TestHostProvider.ExitCallBack: Host exited starting callback.
TpTrace Information: 0 : 10504, 10, 2023/02/09, 18:46:20.250, 8639825842, vstest.console.dll, TestHostManagerCallbacks.ExitCallBack: Testhost processId: 5920 exited with exitcode: 0 error: ''
TpTrace Verbose: 0 : 10504, 10, 2023/02/09, 18:46:20.250, 8639826214, vstest.console.dll, DotnetTestHostManager.OnHostExited: invoking OnHostExited callback
TpTrace Verbose: 0 : 10504, 10, 2023/02/09, 18:46:20.250, 8639826646, vstest.console.dll, CrossPlatEngine.TestHostManagerHostExited: calling on client process exit callback.
TpTrace Information: 0 : 10504, 10, 2023/02/09, 18:46:20.250, 8639827064, vstest.console.dll, TestRequestSender.OnClientProcessExit: Test host process exited. Standard error: 
TpTrace Information: 0 : 10504, 10, 2023/02/09, 18:46:20.250, 8639827364, vstest.console.dll, SocketServer.Stop: Stop server endPoint: 127.0.0.1:64629
TpTrace Information: 0 : 10504, 10, 2023/02/09, 18:46:20.250, 8639827608, vstest.console.dll, SocketServer.Stop: Cancellation requested. Stopping message loop.
TpTrace Information: 0 : 10504, 11, 2023/02/09, 18:46:20.250, 8639828248, vstest.console.dll, SocketServer.Stop: Stop server endPoint: 127.0.0.1:64629
TpTrace Information: 0 : 10504, 11, 2023/02/09, 18:46:20.250, 8639828863, vstest.console.dll, SocketServer.Stop: Cancellation requested. Stopping message loop.
TpTrace Verbose: 0 : 10504, 10, 2023/02/09, 18:46:20.250, 8639828336, vstest.console.dll, MulticastDelegateUtilities.SafeInvoke: HostProviderEvents.OnHostExited: Invoking callback 1/1 for Microsoft.VisualStudio.TestPlatform.CrossPlatEngine.Client.ProxyOperationManager., took 0 ms.
TpTrace Information: 0 : 10504, 11, 2023/02/09, 18:46:20.250, 8639829270, vstest.console.dll, Closing the connection
TpTrace Verbose: 0 : 10504, 11, 2023/02/09, 18:46:20.250, 8639831690, vstest.console.dll, ProxyDataCollectionManager.InvokeDataCollectionServiceAction: Starting.
TpTrace Information: 0 : 10504, 11, 2023/02/09, 18:46:20.250, 8639832162, vstest.console.dll, ProxyDataCollectionManager.AfterTestRunEnd: Get attachment set and invoked data collectors processId: 8960 port: 64626
TpTrace Verbose: 0 : 10504, 11, 2023/02/09, 18:46:20.251, 8639832762, vstest.console.dll, DataCollectionRequestSender.SendAfterTestRunStartAndGetResult: Send AfterTestRunEnd message with isCancelled: False
TpTrace Verbose: 0 : 10504, 11, 2023/02/09, 18:46:20.265, 8639977740, vstest.console.dll, DataCollectionRequestSender.SendAfterTestRunStartAndGetResult: Received message: (DataCollection.AfterTestRunEndResult) -> {"MessageType":"DataCollection.AfterTestRunEndResult","Payload":{"AttachmentSets":[],"InvokedDataCollectors":[{"Uri":"datacollector://Microsoft/TestPlatform/Extensions/Blame/v1","FriendlyName":"Blame","AssemblyQualifiedName":"Microsoft.TestPlatform.Extensions.BlameDataCollector.BlameCollector, Microsoft.TestPlatform.Extensions.BlameDataCollector, Version=15.0.0.0, Culture=neutral, PublicKeyToken=b03f5f7f11d50a3a","FilePath":"C:\\Program Files\\dotnet\\sdk\\7.0.102\\Extensions\\Microsoft.TestPlatform.Extensions.BlameDataCollector.dll","HasAttachmentProcessor":false}],"Metrics":{}}}
TpTrace Warning: 0 : 10504, 9, 2023/02/09, 18:46:20.274, 8640070394, vstest.console.dll, DataCollectionLauncher.ErrorReceivedCallback datacollector standard error line: 
TpTrace Information: 0 : 10504, 11, 2023/02/09, 18:46:20.278, 8640110572, vstest.console.dll, ProxyDataCollectionManager.InvokeDataCollectionServiceAction: Completed.
TpTrace Information: 0 : 10504, 9, 2023/02/09, 18:46:20.283, 8640154646, vstest.console.dll, DataCollectionLauncher.ExitCallBack: Data collector exited with exitcode: 0 error: ''
TpTrace Verbose: 0 : 10504, 11, 2023/02/09, 18:46:20.350, 8640825789, vstest.console.dll, TestRunRequest:SendTestRunStatsChange: Starting.
TpTrace Verbose: 0 : 10504, 11, 2023/02/09, 18:46:20.351, 8640835233, vstest.console.dll, MulticastDelegateUtilities.SafeInvoke: TestRun.RunStatsChanged: Invoking callbacks was skipped because there are no subscribers.
TpTrace Information: 0 : 10504, 11, 2023/02/09, 18:46:20.351, 8640836302, vstest.console.dll, TestRunRequest:SendTestRunStatsChange: Completed.
TpTrace Verbose: 0 : 10504, 11, 2023/02/09, 18:46:20.352, 8640843503, vstest.console.dll, ParallelProxyExecutionManager: HandlePartialRunComplete: Total completed clients = 1, Run complete = True, Run canceled: False.
TpTrace Verbose: 0 : 10504, 4, 2023/02/09, 18:46:20.353, 8640858893, vstest.console.dll, MulticastDelegateUtilities.SafeInvoke: InternalTestLoggerEvents.SendTestResult: Invoking callback 1/1 for Microsoft.VisualStudio.TestPlatform.CommandLine.Internal.ConsoleLogger., took 2 ms.
TpTrace Verbose: 0 : 10504, 4, 2023/02/09, 18:46:20.354, 8640863199, vstest.console.dll, MulticastDelegateUtilities.SafeInvoke: InternalTestLoggerEvents.SendTestResult: Invoking callback 1/1 for Microsoft.VisualStudio.TestPlatform.CommandLine.Internal.ConsoleLogger., took 0 ms.
TpTrace Verbose: 0 : 10504, 4, 2023/02/09, 18:46:20.354, 8640864208, vstest.console.dll, MulticastDelegateUtilities.SafeInvoke: InternalTestLoggerEvents.SendTestResult: Invoking callback 1/1 for Microsoft.VisualStudio.TestPlatform.CommandLine.Internal.ConsoleLogger., took 0 ms.
TpTrace Verbose: 0 : 10504, 4, 2023/02/09, 18:46:20.364, 8640968569, vstest.console.dll, MulticastDelegateUtilities.SafeInvoke: InternalTestLoggerEvents.SendTestRunComplete: Invoking callback 1/2 for Microsoft.TestPlatform.Extensions.BlameDataCollector.BlameLogger., took 0 ms.
TpTrace Verbose: 0 : 10504, 4, 2023/02/09, 18:46:20.372, 8641042590, vstest.console.dll, MulticastDelegateUtilities.SafeInvoke: InternalTestLoggerEvents.SendTestRunComplete: Invoking callback 2/2 for Microsoft.VisualStudio.TestPlatform.CommandLine.Internal.ConsoleLogger., took 7 ms.
TpTrace Verbose: 0 : 10504, 11, 2023/02/09, 18:46:20.372, 8641048419, vstest.console.dll, TestRunRequest:TestRunComplete: Starting. IsAborted:False IsCanceled:False.
TpTrace Verbose: 0 : 10504, 11, 2023/02/09, 18:46:20.374, 8641065294, vstest.console.dll, TestLoggerManager.HandleTestRunComplete: Ignoring as the object is disposed.
TpTrace Verbose: 0 : 10504, 11, 2023/02/09, 18:46:20.374, 8641068364, vstest.console.dll, MulticastDelegateUtilities.SafeInvoke: TestRun.TestRunComplete: Invoking callback 1/2 for Microsoft.VisualStudio.TestPlatform.CommandLine.TestRunResultAggregator., took 0 ms.
TpTrace Verbose: 0 : 10504, 11, 2023/02/09, 18:46:20.374, 8641069931, vstest.console.dll, MulticastDelegateUtilities.SafeInvoke: TestRun.TestRunComplete: Invoking callback 2/2 for Microsoft.VisualStudio.TestPlatform.CommandLine.Processors.RunTestsArgumentExecutor+TestRunRequestEventsRegistrar., took 0 ms.
TpTrace Information: 0 : 10504, 11, 2023/02/09, 18:46:20.374, 8641070927, vstest.console.dll, TestRunRequest:TestRunComplete: Completed.
TpTrace Verbose: 0 : 10504, 11, 2023/02/09, 18:46:20.374, 8641071298, vstest.console.dll, TestRequestSender.SetOperationComplete: Setting operation complete.
TpTrace Information: 0 : 10504, 11, 2023/02/09, 18:46:20.374, 8641071537, vstest.console.dll, SocketServer.Stop: Stop server endPoint: 127.0.0.1:64629
TpTrace Information: 0 : 10504, 11, 2023/02/09, 18:46:20.374, 8641071735, vstest.console.dll, SocketServer.Stop: Cancellation requested. Stopping message loop.
TpTrace Verbose: 0 : 10504, 11, 2023/02/09, 18:46:20.374, 8641072022, vstest.console.dll, MulticastDelegateUtilities.SafeInvoke: LengthPrefixCommunicationChannel: MessageReceived: Invoking callback 1/1 for Microsoft.VisualStudio.TestPlatform.CommunicationUtilities.TestRequestSender+<>c__DisplayClass31_0., took 188 ms.
TpTrace Information: 0 : 10504, 11, 2023/02/09, 18:46:20.374, 8641072386, vstest.console.dll, SocketServer.PrivateStop: Stopping server endPoint: 127.0.0.1:64629 error: 
TpTrace Verbose: 0 : 10504, 1, 2023/02/09, 18:46:20.375, 8641072890, vstest.console.dll, TestRunRequest.Dispose: Starting.
TpTrace Information: 0 : 10504, 1, 2023/02/09, 18:46:20.375, 8641073918, vstest.console.dll, TestRunRequest.Dispose: Completed.
TpTrace Information: 0 : 10504, 1, 2023/02/09, 18:46:20.375, 8641074534, vstest.console.dll, TestRequestManager.RunTests: run tests completed.
TpTrace Information: 0 : 10504, 1, 2023/02/09, 18:46:20.375, 8641076351, vstest.console.dll, RunTestsArgumentProcessor:Execute: Test run is completed.
TpTrace Verbose: 0 : 10504, 11, 2023/02/09, 18:46:20.375, 8641077536, vstest.console.dll, LengthPrefixCommunicationChannel.Dispose: Dispose reader and writer.
TpTrace Information: 0 : 10504, 11, 2023/02/09, 18:46:20.375, 8641078323, vstest.console.dll, SocketServer.Stop: Raise disconnected event endPoint: 127.0.0.1:64629 error: 
TpTrace Verbose: 0 : 10504, 1, 2023/02/09, 18:46:20.375, 8641079001, vstest.console.dll, Executor.Execute: Exiting with exit code of 0
TpTrace Verbose: 0 : 10504, 11, 2023/02/09, 18:46:20.375, 8641079173, vstest.console.dll, TestRequestSender: OnTestRunAbort: Operation is already complete. Skip error message.
TpTrace Verbose: 0 : 10504, 11, 2023/02/09, 18:46:20.375, 8641080208, vstest.console.dll, MulticastDelegateUtilities.SafeInvoke: SocketServer: ClientDisconnected: Invoking callback 1/1 for Microsoft.VisualStudio.TestPlatform.CommunicationUtilities.TestRequestSender., took 0 ms.
TpTrace Verbose: 0 : 10504, 11, 2023/02/09, 18:46:20.375, 8641080640, vstest.console.dll, TcpClientExtensions.MessageLoopAsync: exiting MessageLoopAsync remoteEndPoint: 127.0.0.1:64630 localEndPoint: 127.0.0.1:64629
